<?xml version="1.0" encoding="UTF-8"?>
<testsuite xmlns:xsi="http://www.w3.org/2001/XMLSchema-instance" xsi:noNamespaceSchemaLocation="https://maven.apache.org/surefire/maven-surefire-plugin/xsd/surefire-test-report.xsd" name="TestSuite" time="61.612" tests="2" errors="0" skipped="0" failures="0">
  <properties>
[...]
</properties>
  <testcase name="Verify_the_display_of_the_result_in_the_detail_area" classname="Test.SearchFunction" time="19.035"/>
  <testcase name="Verify_the_display_of_the_result_in_the_detail_area" classname="Test.SearchFunction" time="6.043"/>
</testsuite>