<?xml version="1.0" encoding="UTF-8"?>
<!-- Generated by org.testng.reporters.JUnitXMLReporter -->
<testsuite hostname="Admin" ignored="0" name="ChromeTest" tests="4" failures="2" timestamp="2022-03-12T13:19:35 ICT" time="95.109" errors="0">
  <testcase name="check_the_display_incase_result_is_not_empty" time="49.772" classname="Test.SearchFunction">
    <failure type="org.openqa.selenium.StaleElementReferenceException" message="The element reference of &amp;lt;i&amp;gt; is stale; either the element is no longer attached to the DOM, it is not in the current frame context, or the document has been refreshed
For documentation on this error, please visit: https://selenium.dev/exceptions/#stale_element_reference
Build info: version: &amp;apos;4.1.1&amp;apos;, revision: &amp;apos;e8fcc2cecf&amp;apos;
System info: host: &amp;apos;ADMIN&amp;apos;, ip: &amp;apos;192.168.183.161&amp;apos;, os.name: &amp;apos;Windows 10&amp;apos;, os.arch: &amp;apos;amd64&amp;apos;, os.version: &amp;apos;10.0&amp;apos;, java.version: &amp;apos;1.8.0_202&amp;apos;
Driver info: org.openqa.selenium.firefox.FirefoxDriver
Command: [146fcf84-1e7c-4759-877a-8c45f91d8d46, getElementText {id=1d550a8e-8fe2-459d-acb8-11aa798c89a7}]
Capabilities {acceptInsecureCerts: true, browserName: firefox, browserVersion: 98.0, javascriptEnabled: true, moz:accessibilityChecks: false, moz:buildID: 20220304153049, moz:debuggerAddress: localhost:58852, moz:geckodriverVersion: 0.30.0, moz:headless: false, moz:processID: 12968, moz:profile: C:\Users\Admin\AppData\Loca..., moz:shutdownTimeout: 60000, moz:useNonSpecCompliantPointerOrigin: false, moz:webdriverClick: true, pageLoadStrategy: normal, platform: WINDOWS, platformName: WINDOWS, platformVersion: 10.0, proxy: Proxy(), se:cdp: ws://localhost:58852/devtoo..., se:cdpVersion: 85, setWindowRect: true, strictFileInteractability: false, timeouts: {implicit: 0, pageLoad: 300000, script: 30000}, unhandledPromptBehavior: dismiss and notify}
Element: [[[[[[[[[[[[FirefoxDriver: firefox on WINDOWS (146fcf84-1e7c-4759-877a-8c45f91d8d46)] -&amp;gt; id: forecast-list]] -&amp;gt; xpath: .//table[*]]] -&amp;gt; xpath: .//tr[*]]] -&amp;gt; tag name: td]] -&amp;gt; tag name: b]] -&amp;gt; tag name: i]
Session ID: 146fcf84-1e7c-4759-877a-8c45f91d8d46">
      <![CDATA[org.openqa.selenium.StaleElementReferenceException: The element reference of <i> is stale; either the element is no longer attached to the DOM, it is not in the current frame context, or the document has been refreshed
For documentation on this error, please visit: https://selenium.dev/exceptions/#stale_element_reference
Build info: version: '4.1.1', revision: 'e8fcc2cecf'
System info: host: 'ADMIN', ip: '192.168.183.161', os.name: 'Windows 10', os.arch: 'amd64', os.version: '10.0', java.version: '1.8.0_202'
Driver info: org.openqa.selenium.firefox.FirefoxDriver
Command: [146fcf84-1e7c-4759-877a-8c45f91d8d46, getElementText {id=1d550a8e-8fe2-459d-acb8-11aa798c89a7}]
Capabilities {acceptInsecureCerts: true, browserName: firefox, browserVersion: 98.0, javascriptEnabled: true, moz:accessibilityChecks: false, moz:buildID: 20220304153049, moz:debuggerAddress: localhost:58852, moz:geckodriverVersion: 0.30.0, moz:headless: false, moz:processID: 12968, moz:profile: C:\Users\Admin\AppData\Loca..., moz:shutdownTimeout: 60000, moz:useNonSpecCompliantPointerOrigin: false, moz:webdriverClick: true, pageLoadStrategy: normal, platform: WINDOWS, platformName: WINDOWS, platformVersion: 10.0, proxy: Proxy(), se:cdp: ws://localhost:58852/devtoo..., se:cdpVersion: 85, setWindowRect: true, strictFileInteractability: false, timeouts: {implicit: 0, pageLoad: 300000, script: 30000}, unhandledPromptBehavior: dismiss and notify}
Element: [[[[[[[[[[[[FirefoxDriver: firefox on WINDOWS (146fcf84-1e7c-4759-877a-8c45f91d8d46)] -> id: forecast-list]] -> xpath: .//table[*]]] -> xpath: .//tr[*]]] -> tag name: td]] -> tag name: b]] -> tag name: i]
Session ID: 146fcf84-1e7c-4759-877a-8c45f91d8d46
at org.openqa.selenium.remote.codec.w3c.W3CHttpResponseCodec.createException(W3CHttpResponseCodec.java:200)
at org.openqa.selenium.remote.codec.w3c.W3CHttpResponseCodec.decode(W3CHttpResponseCodec.java:133)
at org.openqa.selenium.remote.codec.w3c.W3CHttpResponseCodec.decode(W3CHttpResponseCodec.java:53)
at org.openqa.selenium.remote.HttpCommandExecutor.execute(HttpCommandExecutor.java:184)
at org.openqa.selenium.remote.service.DriverCommandExecutor.invokeExecute(DriverCommandExecutor.java:167)
at org.openqa.selenium.remote.service.DriverCommandExecutor.execute(DriverCommandExecutor.java:142)
at org.openqa.selenium.remote.RemoteWebDriver.execute(RemoteWebDriver.java:543)
at org.openqa.selenium.remote.RemoteWebElement.execute(RemoteWebElement.java:251)
at org.openqa.selenium.remote.RemoteWebElement.getText(RemoteWebElement.java:201)
at rootpackage.Pages.ResultSearchPage.weatherSummaryInfo(ResultSearchPage.java:68)
at steps.SearchUIStep.getWeatherSummary(SearchUIStep.java:76)
at steps.SearchUIStep.getResultInfo(SearchUIStep.java:61)
at Test.SearchFunction.check_the_display_incase_result_is_not_empty(SearchFunction.java:63)
at java.util.ArrayList.forEach(ArrayList.java:1257)
at java.util.concurrent.FutureTask.run(FutureTask.java:266)
at java.util.concurrent.ThreadPoolExecutor.runWorker(ThreadPoolExecutor.java:1149)
at java.util.concurrent.ThreadPoolExecutor$Worker.run(ThreadPoolExecutor.java:624)
at java.lang.Thread.run(Thread.java:748)
... Removed 22 stack frames]]>
    </failure>
  </testcase> <!-- check_the_display_incase_result_is_not_empty -->
  <testcase name="check_the_display_incase_there_is_no_result" time="2.03" classname="Test.SearchFunction"/>
  <testcase name="check_the_display_incase_there_is_no_result" time="0.832" classname="Test.SearchFunction"/>
  <testcase name="check_the_display_incase_there_is_no_result" time="1.656" classname="Test.SearchFunction">
    <failure type="org.openqa.selenium.StaleElementReferenceException" message="The element reference of &amp;lt;div id=&amp;quot;forecast-list&amp;quot; class=&amp;quot;tab-pane active&amp;quot;&amp;gt; is stale; either the element is no longer attached to the DOM, it is not in the current frame context, or the document has been refreshed
For documentation on this error, please visit: https://selenium.dev/exceptions/#stale_element_reference
Build info: version: &amp;apos;4.1.1&amp;apos;, revision: &amp;apos;e8fcc2cecf&amp;apos;
System info: host: &amp;apos;ADMIN&amp;apos;, ip: &amp;apos;192.168.183.161&amp;apos;, os.name: &amp;apos;Windows 10&amp;apos;, os.arch: &amp;apos;amd64&amp;apos;, os.version: &amp;apos;10.0&amp;apos;, java.version: &amp;apos;1.8.0_202&amp;apos;
Driver info: org.openqa.selenium.firefox.FirefoxDriver
Command: [146fcf84-1e7c-4759-877a-8c45f91d8d46, findChildElement {id=b74075ef-1742-4c7e-8a71-cb2ddd4d9f64, using=xpath, value=.//div[@class=&amp;apos;alert alert-warning&amp;apos;]}]
Capabilities {acceptInsecureCerts: true, browserName: firefox, browserVersion: 98.0, javascriptEnabled: true, moz:accessibilityChecks: false, moz:buildID: 20220304153049, moz:debuggerAddress: localhost:58852, moz:geckodriverVersion: 0.30.0, moz:headless: false, moz:processID: 12968, moz:profile: C:\Users\Admin\AppData\Loca..., moz:shutdownTimeout: 60000, moz:useNonSpecCompliantPointerOrigin: false, moz:webdriverClick: true, pageLoadStrategy: normal, platform: WINDOWS, platformName: WINDOWS, platformVersion: 10.0, proxy: Proxy(), se:cdp: ws://localhost:58852/devtoo..., se:cdpVersion: 85, setWindowRect: true, strictFileInteractability: false, timeouts: {implicit: 0, pageLoad: 300000, script: 30000}, unhandledPromptBehavior: dismiss and notify}
Session ID: 146fcf84-1e7c-4759-877a-8c45f91d8d46">
      <![CDATA[org.openqa.selenium.StaleElementReferenceException: The element reference of <div id="forecast-list" class="tab-pane active"> is stale; either the element is no longer attached to the DOM, it is not in the current frame context, or the document has been refreshed
For documentation on this error, please visit: https://selenium.dev/exceptions/#stale_element_reference
Build info: version: '4.1.1', revision: 'e8fcc2cecf'
System info: host: 'ADMIN', ip: '192.168.183.161', os.name: 'Windows 10', os.arch: 'amd64', os.version: '10.0', java.version: '1.8.0_202'
Driver info: org.openqa.selenium.firefox.FirefoxDriver
Command: [146fcf84-1e7c-4759-877a-8c45f91d8d46, findChildElement {id=b74075ef-1742-4c7e-8a71-cb2ddd4d9f64, using=xpath, value=.//div[@class='alert alert-warning']}]
Capabilities {acceptInsecureCerts: true, browserName: firefox, browserVersion: 98.0, javascriptEnabled: true, moz:accessibilityChecks: false, moz:buildID: 20220304153049, moz:debuggerAddress: localhost:58852, moz:geckodriverVersion: 0.30.0, moz:headless: false, moz:processID: 12968, moz:profile: C:\Users\Admin\AppData\Loca..., moz:shutdownTimeout: 60000, moz:useNonSpecCompliantPointerOrigin: false, moz:webdriverClick: true, pageLoadStrategy: normal, platform: WINDOWS, platformName: WINDOWS, platformVersion: 10.0, proxy: Proxy(), se:cdp: ws://localhost:58852/devtoo..., se:cdpVersion: 85, setWindowRect: true, strictFileInteractability: false, timeouts: {implicit: 0, pageLoad: 300000, script: 30000}, unhandledPromptBehavior: dismiss and notify}
Session ID: 146fcf84-1e7c-4759-877a-8c45f91d8d46
at org.openqa.selenium.remote.codec.w3c.W3CHttpResponseCodec.createException(W3CHttpResponseCodec.java:200)
at org.openqa.selenium.remote.codec.w3c.W3CHttpResponseCodec.decode(W3CHttpResponseCodec.java:133)
at org.openqa.selenium.remote.codec.w3c.W3CHttpResponseCodec.decode(W3CHttpResponseCodec.java:53)
at org.openqa.selenium.remote.HttpCommandExecutor.execute(HttpCommandExecutor.java:184)
at org.openqa.selenium.remote.service.DriverCommandExecutor.invokeExecute(DriverCommandExecutor.java:167)
at org.openqa.selenium.remote.service.DriverCommandExecutor.execute(DriverCommandExecutor.java:142)
at org.openqa.selenium.remote.RemoteWebDriver.execute(RemoteWebDriver.java:543)
at org.openqa.selenium.remote.ElementLocation$ElementFinder$2.findElement(ElementLocation.java:162)
at org.openqa.selenium.remote.ElementLocation.findElement(ElementLocation.java:60)
at org.openqa.selenium.remote.RemoteWebDriver.findElement(RemoteWebDriver.java:367)
at org.openqa.selenium.remote.RemoteWebElement.findElement(RemoteWebElement.java:221)
at rootpackage.Pages.ResultSearchPage.alertWarning(ResultSearchPage.java:73)
at steps.SearchUIStep.verifyTheExistOfMessage(SearchUIStep.java:141)
at Test.SearchFunction.check_the_display_incase_there_is_no_result(SearchFunction.java:80)
at java.util.ArrayList.forEach(ArrayList.java:1257)
at java.util.concurrent.FutureTask.run(FutureTask.java:266)
at java.util.concurrent.ThreadPoolExecutor.runWorker(ThreadPoolExecutor.java:1149)
at java.util.concurrent.ThreadPoolExecutor$Worker.run(ThreadPoolExecutor.java:624)
at java.lang.Thread.run(Thread.java:748)
... Removed 22 stack frames]]>
    </failure>
  </testcase> <!-- check_the_display_incase_there_is_no_result -->
</testsuite> <!-- ChromeTest -->
