<?xml version="1.0" encoding="UTF-8"?>
<!-- Generated by org.testng.reporters.JUnitXMLReporter -->
<testsuite hostname="Admin" ignored="0" name="FirefoxTest" tests="4" failures="1" timestamp="2022-03-12T13:19:35 ICT" time="95.21" errors="0">
  <testcase name="check_the_display_incase_result_is_not_empty" time="18.5" classname="Test.SearchFunction"/>
  <testcase name="check_the_display_incase_there_is_no_result" time="2.054" classname="Test.SearchFunction"/>
  <testcase name="check_the_display_incase_there_is_no_result" time="0.85" classname="Test.SearchFunction"/>
  <testcase name="check_the_display_incase_there_is_no_result" time="1.616" classname="Test.SearchFunction">
    <failure type="org.openqa.selenium.StaleElementReferenceException" message="The element reference of &amp;lt;input name=&amp;quot;q&amp;quot; type=&amp;quot;text&amp;quot;&amp;gt; is stale; either the element is no longer attached to the DOM, it is not in the current frame context, or the document has been refreshed
For documentation on this error, please visit: https://selenium.dev/exceptions/#stale_element_reference
Build info: version: &amp;apos;4.1.1&amp;apos;, revision: &amp;apos;e8fcc2cecf&amp;apos;
System info: host: &amp;apos;ADMIN&amp;apos;, ip: &amp;apos;192.168.183.161&amp;apos;, os.name: &amp;apos;Windows 10&amp;apos;, os.arch: &amp;apos;amd64&amp;apos;, os.version: &amp;apos;10.0&amp;apos;, java.version: &amp;apos;1.8.0_202&amp;apos;
Driver info: org.openqa.selenium.firefox.FirefoxDriver
Command: [146fcf84-1e7c-4759-877a-8c45f91d8d46, sendKeysToElement {id=ab82cb41-7a41-4328-90da-1c55717f48e6, value=[Ljava.lang.CharSequence;@4f69188b}]
Capabilities {acceptInsecureCerts: true, browserName: firefox, browserVersion: 98.0, javascriptEnabled: true, moz:accessibilityChecks: false, moz:buildID: 20220304153049, moz:debuggerAddress: localhost:58852, moz:geckodriverVersion: 0.30.0, moz:headless: false, moz:processID: 12968, moz:profile: C:\Users\Admin\AppData\Loca..., moz:shutdownTimeout: 60000, moz:useNonSpecCompliantPointerOrigin: false, moz:webdriverClick: true, pageLoadStrategy: normal, platform: WINDOWS, platformName: WINDOWS, platformVersion: 10.0, proxy: Proxy(), se:cdp: ws://localhost:58852/devtoo..., se:cdpVersion: 85, setWindowRect: true, strictFileInteractability: false, timeouts: {implicit: 0, pageLoad: 300000, script: 30000}, unhandledPromptBehavior: dismiss and notify}
Element: [[[[FirefoxDriver: firefox on WINDOWS (146fcf84-1e7c-4759-877a-8c45f91d8d46)] -&amp;gt; xpath: //nav[@id=&amp;apos;nav-website&amp;apos;]]] -&amp;gt; xpath: .//input[@placeholder=&amp;apos;Weather in your city&amp;apos;]]
Session ID: 146fcf84-1e7c-4759-877a-8c45f91d8d46">
      <![CDATA[org.openqa.selenium.StaleElementReferenceException: The element reference of <input name="q" type="text"> is stale; either the element is no longer attached to the DOM, it is not in the current frame context, or the document has been refreshed
For documentation on this error, please visit: https://selenium.dev/exceptions/#stale_element_reference
Build info: version: '4.1.1', revision: 'e8fcc2cecf'
System info: host: 'ADMIN', ip: '192.168.183.161', os.name: 'Windows 10', os.arch: 'amd64', os.version: '10.0', java.version: '1.8.0_202'
Driver info: org.openqa.selenium.firefox.FirefoxDriver
Command: [146fcf84-1e7c-4759-877a-8c45f91d8d46, sendKeysToElement {id=ab82cb41-7a41-4328-90da-1c55717f48e6, value=[Ljava.lang.CharSequence;@4f69188b}]
Capabilities {acceptInsecureCerts: true, browserName: firefox, browserVersion: 98.0, javascriptEnabled: true, moz:accessibilityChecks: false, moz:buildID: 20220304153049, moz:debuggerAddress: localhost:58852, moz:geckodriverVersion: 0.30.0, moz:headless: false, moz:processID: 12968, moz:profile: C:\Users\Admin\AppData\Loca..., moz:shutdownTimeout: 60000, moz:useNonSpecCompliantPointerOrigin: false, moz:webdriverClick: true, pageLoadStrategy: normal, platform: WINDOWS, platformName: WINDOWS, platformVersion: 10.0, proxy: Proxy(), se:cdp: ws://localhost:58852/devtoo..., se:cdpVersion: 85, setWindowRect: true, strictFileInteractability: false, timeouts: {implicit: 0, pageLoad: 300000, script: 30000}, unhandledPromptBehavior: dismiss and notify}
Element: [[[[FirefoxDriver: firefox on WINDOWS (146fcf84-1e7c-4759-877a-8c45f91d8d46)] -> xpath: //nav[@id='nav-website']]] -> xpath: .//input[@placeholder='Weather in your city']]
Session ID: 146fcf84-1e7c-4759-877a-8c45f91d8d46
at org.openqa.selenium.remote.codec.w3c.W3CHttpResponseCodec.createException(W3CHttpResponseCodec.java:200)
at org.openqa.selenium.remote.codec.w3c.W3CHttpResponseCodec.decode(W3CHttpResponseCodec.java:133)
at org.openqa.selenium.remote.codec.w3c.W3CHttpResponseCodec.decode(W3CHttpResponseCodec.java:53)
at org.openqa.selenium.remote.HttpCommandExecutor.execute(HttpCommandExecutor.java:184)
at org.openqa.selenium.remote.service.DriverCommandExecutor.invokeExecute(DriverCommandExecutor.java:167)
at org.openqa.selenium.remote.service.DriverCommandExecutor.execute(DriverCommandExecutor.java:142)
at org.openqa.selenium.remote.RemoteWebDriver.execute(RemoteWebDriver.java:543)
at org.openqa.selenium.remote.RemoteWebElement.execute(RemoteWebElement.java:251)
at org.openqa.selenium.remote.RemoteWebElement.sendKeys(RemoteWebElement.java:107)
at steps.SearchUIStep.searchInNavigatorBar(SearchUIStep.java:30)
at Test.SearchFunction.check_the_display_incase_there_is_no_result(SearchFunction.java:78)
at java.util.ArrayList.forEach(ArrayList.java:1257)
at java.util.concurrent.FutureTask.run(FutureTask.java:266)
at java.util.concurrent.ThreadPoolExecutor.runWorker(ThreadPoolExecutor.java:1149)
at java.util.concurrent.ThreadPoolExecutor$Worker.run(ThreadPoolExecutor.java:624)
at java.lang.Thread.run(Thread.java:748)
... Removed 22 stack frames]]>
    </failure>
  </testcase> <!-- check_the_display_incase_there_is_no_result -->
</testsuite> <!-- FirefoxTest -->
