<?xml version="1.0" encoding="UTF-8"?>
<testsuite xmlns:xsi="http://www.w3.org/2001/XMLSchema-instance" xsi:noNamespaceSchemaLocation="https://maven.apache.org/surefire/maven-surefire-plugin/xsd/surefire-test-report.xsd" name="TestSuite" time="104.18" tests="8" errors="0" skipped="0" failures="3">
  <properties>
[...]
</properties>
  <testcase name="check_the_display_incase_result_is_not_empty" classname="Test.SearchFunction" time="13.731">
    <failure message="The element reference of &lt;i&gt; is stale; either the element is no longer attached to the DOM, it is not in the current frame context, or the document has been refreshed&#10;For documentation on this error, please visit: https://selenium.dev/exceptions/#stale_element_reference&#10;Build info: version: &apos;4.1.1&apos;, revision: &apos;e8fcc2cecf&apos;&#10;System info: host: &apos;ADMIN&apos;, ip: &apos;192.168.183.161&apos;, os.name: &apos;Windows 10&apos;, os.arch: &apos;amd64&apos;, os.version: &apos;10.0&apos;, java.version: &apos;1.8.0_202&apos;&#10;Driver info: org.openqa.selenium.firefox.FirefoxDriver&#10;Command: [146fcf84-1e7c-4759-877a-8c45f91d8d46, getElementText {id=1d550a8e-8fe2-459d-acb8-11aa798c89a7}]&#10;Capabilities {acceptInsecureCerts: true, browserName: firefox, browserVersion: 98.0, javascriptEnabled: true, moz:accessibilityChecks: false, moz:buildID: 20220304153049, moz:debuggerAddress: localhost:58852, moz:geckodriverVersion: 0.30.0, moz:headless: false, moz:processID: 12968, moz:profile: C:\Users\Admin\AppData\Loca..., moz:shutdownTimeout: 60000, moz:useNonSpecCompliantPointerOrigin: false, moz:webdriverClick: true, pageLoadStrategy: normal, platform: WINDOWS, platformName: WINDOWS, platformVersion: 10.0, proxy: Proxy(), se:cdp: ws://localhost:58852/devtoo..., se:cdpVersion: 85, setWindowRect: true, strictFileInteractability: false, timeouts: {implicit: 0, pageLoad: 300000, script: 30000}, unhandledPromptBehavior: dismiss and notify}&#10;Element: [[[[[[[[[[[[FirefoxDriver: firefox on WINDOWS (146fcf84-1e7c-4759-877a-8c45f91d8d46)] -&gt; id: forecast-list]] -&gt; xpath: .//table[*]]] -&gt; xpath: .//tr[*]]] -&gt; tag name: td]] -&gt; tag name: b]] -&gt; tag name: i]&#10;Session ID: 146fcf84-1e7c-4759-877a-8c45f91d8d46" type="org.openqa.selenium.StaleElementReferenceException"><![CDATA[org.openqa.selenium.StaleElementReferenceException: 
The element reference of <i> is stale; either the element is no longer attached to the DOM, it is not in the current frame context, or the document has been refreshed
For documentation on this error, please visit: https://selenium.dev/exceptions/#stale_element_reference
Build info: version: '4.1.1', revision: 'e8fcc2cecf'
System info: host: 'ADMIN', ip: '192.168.183.161', os.name: 'Windows 10', os.arch: 'amd64', os.version: '10.0', java.version: '1.8.0_202'
Driver info: org.openqa.selenium.firefox.FirefoxDriver
Command: [146fcf84-1e7c-4759-877a-8c45f91d8d46, getElementText {id=1d550a8e-8fe2-459d-acb8-11aa798c89a7}]
Capabilities {acceptInsecureCerts: true, browserName: firefox, browserVersion: 98.0, javascriptEnabled: true, moz:accessibilityChecks: false, moz:buildID: 20220304153049, moz:debuggerAddress: localhost:58852, moz:geckodriverVersion: 0.30.0, moz:headless: false, moz:processID: 12968, moz:profile: C:\Users\Admin\AppData\Loca..., moz:shutdownTimeout: 60000, moz:useNonSpecCompliantPointerOrigin: false, moz:webdriverClick: true, pageLoadStrategy: normal, platform: WINDOWS, platformName: WINDOWS, platformVersion: 10.0, proxy: Proxy(), se:cdp: ws://localhost:58852/devtoo..., se:cdpVersion: 85, setWindowRect: true, strictFileInteractability: false, timeouts: {implicit: 0, pageLoad: 300000, script: 30000}, unhandledPromptBehavior: dismiss and notify}
Element: [[[[[[[[[[[[FirefoxDriver: firefox on WINDOWS (146fcf84-1e7c-4759-877a-8c45f91d8d46)] -> id: forecast-list]] -> xpath: .//table[*]]] -> xpath: .//tr[*]]] -> tag name: td]] -> tag name: b]] -> tag name: i]
Session ID: 146fcf84-1e7c-4759-877a-8c45f91d8d46
	at Test.SearchFunction.check_the_display_incase_result_is_not_empty(SearchFunction.java:63)
]]></failure>
    <system-out><![CDATA[13:18:00.805 [TestNG-tests-2] DEBUG i.n.u.i.l.InternalLoggerFactory - Using SLF4J as the default logging framework
13:18:00.805 [TestNG-tests-2] DEBUG io.netty.util.ResourceLeakDetector - -Dio.netty.leakDetection.level: simple
13:18:00.805 [TestNG-tests-2] DEBUG io.netty.util.ResourceLeakDetector - -Dio.netty.leakDetection.targetRecords: 4
13:18:00.836 [TestNG-tests-2] DEBUG i.n.util.ResourceLeakDetectorFactory - Loaded default ResourceLeakDetector: io.netty.util.ResourceLeakDetector@3256608b
13:18:00.868 [TestNG-tests-2] DEBUG i.n.util.internal.PlatformDependent0 - -Dio.netty.noUnsafe: false
13:18:00.868 [TestNG-tests-2] DEBUG i.n.util.internal.PlatformDependent0 - Java version: 8
13:18:00.868 [TestNG-tests-2] DEBUG i.n.util.internal.PlatformDependent0 - sun.misc.Unsafe.theUnsafe: available
13:18:00.868 [TestNG-tests-2] DEBUG i.n.util.internal.PlatformDependent0 - sun.misc.Unsafe.copyMemory: available
13:18:00.868 [TestNG-tests-2] DEBUG i.n.util.internal.PlatformDependent0 - java.nio.Buffer.address: available
13:18:00.868 [TestNG-tests-2] DEBUG i.n.util.internal.PlatformDependent0 - direct buffer constructor: available
13:18:00.868 [TestNG-tests-2] DEBUG i.n.util.internal.PlatformDependent0 - java.nio.Bits.unaligned: available, true
13:18:00.868 [TestNG-tests-2] DEBUG i.n.util.internal.PlatformDependent0 - jdk.internal.misc.Unsafe.allocateUninitializedArray(int): unavailable prior to Java9
13:18:00.868 [TestNG-tests-2] DEBUG i.n.util.internal.PlatformDependent0 - java.nio.DirectByteBuffer.<init>(long, int): available
13:18:00.868 [TestNG-tests-2] DEBUG i.n.util.internal.PlatformDependent - sun.misc.Unsafe: available
13:18:00.883 [TestNG-tests-2] DEBUG i.n.util.internal.PlatformDependent - -Dio.netty.tmpdir: C:\Users\Admin\AppData\Local\Temp (java.io.tmpdir)
13:18:00.883 [TestNG-tests-2] DEBUG i.n.util.internal.PlatformDependent - -Dio.netty.bitMode: 64 (sun.arch.data.model)
13:18:00.883 [TestNG-tests-2] DEBUG i.n.util.internal.PlatformDependent - Platform: Windows
13:18:00.883 [TestNG-tests-2] DEBUG i.n.util.internal.PlatformDependent - -Dio.netty.maxDirectMemory: 928514048 bytes
13:18:00.883 [TestNG-tests-2] DEBUG i.n.util.internal.PlatformDependent - -Dio.netty.uninitializedArrayAllocationThreshold: -1
13:18:00.883 [TestNG-tests-2] DEBUG io.netty.util.internal.CleanerJava6 - java.nio.ByteBuffer.cleaner(): available
13:18:00.883 [TestNG-tests-2] DEBUG i.n.util.internal.PlatformDependent - -Dio.netty.noPreferDirect: false
13:18:00.899 [TestNG-tests-2] DEBUG i.n.util.internal.PlatformDependent - org.jctools-core.MpscChunkedArrayQueue: available
13:18:00.961 [TestNG-tests-2] DEBUG i.n.u.i.InternalThreadLocalMap - -Dio.netty.threadLocalMap.stringBuilder.initialSize: 1024
13:18:00.961 [TestNG-tests-2] DEBUG i.n.u.i.InternalThreadLocalMap - -Dio.netty.threadLocalMap.stringBuilder.maxSize: 4096
13:18:01.481 [TestNG-tests-2] DEBUG io.netty.handler.ssl.JdkSslContext - Default protocols (JDK): [TLSv1.2, TLSv1.1, TLSv1] 
13:18:01.481 [TestNG-tests-2] DEBUG io.netty.handler.ssl.JdkSslContext - Default cipher suites (JDK): [TLS_ECDHE_ECDSA_WITH_AES_256_GCM_SHA384, TLS_ECDHE_ECDSA_WITH_AES_128_GCM_SHA256, TLS_ECDHE_RSA_WITH_AES_128_GCM_SHA256, TLS_ECDHE_RSA_WITH_AES_256_GCM_SHA384, TLS_ECDHE_RSA_WITH_AES_128_CBC_SHA, TLS_ECDHE_RSA_WITH_AES_256_CBC_SHA, TLS_RSA_WITH_AES_128_GCM_SHA256, TLS_RSA_WITH_AES_128_CBC_SHA, TLS_RSA_WITH_AES_256_CBC_SHA]
13:18:01.532 [TestNG-tests-2] DEBUG i.n.c.MultithreadEventLoopGroup - -Dio.netty.eventLoopThreads: 8
13:18:01.548 [TestNG-tests-2] DEBUG io.netty.channel.nio.NioEventLoop - -Dio.netty.noKeySetOptimization: false
13:18:01.548 [TestNG-tests-2] DEBUG io.netty.channel.nio.NioEventLoop - -Dio.netty.selectorAutoRebuildThreshold: 512
13:18:01.632 [TestNG-tests-2] DEBUG i.n.buffer.PooledByteBufAllocator - -Dio.netty.allocator.numHeapArenas: 8
13:18:01.632 [TestNG-tests-2] DEBUG i.n.buffer.PooledByteBufAllocator - -Dio.netty.allocator.numDirectArenas: 8
13:18:01.632 [TestNG-tests-2] DEBUG i.n.buffer.PooledByteBufAllocator - -Dio.netty.allocator.pageSize: 8192
13:18:01.632 [TestNG-tests-2] DEBUG i.n.buffer.PooledByteBufAllocator - -Dio.netty.allocator.maxOrder: 11
13:18:01.632 [TestNG-tests-2] DEBUG i.n.buffer.PooledByteBufAllocator - -Dio.netty.allocator.chunkSize: 16777216
13:18:01.632 [TestNG-tests-2] DEBUG i.n.buffer.PooledByteBufAllocator - -Dio.netty.allocator.smallCacheSize: 256
13:18:01.632 [TestNG-tests-2] DEBUG i.n.buffer.PooledByteBufAllocator - -Dio.netty.allocator.normalCacheSize: 64
13:18:01.632 [TestNG-tests-2] DEBUG i.n.buffer.PooledByteBufAllocator - -Dio.netty.allocator.maxCachedBufferCapacity: 32768
13:18:01.632 [TestNG-tests-2] DEBUG i.n.buffer.PooledByteBufAllocator - -Dio.netty.allocator.cacheTrimInterval: 8192
13:18:01.632 [TestNG-tests-2] DEBUG i.n.buffer.PooledByteBufAllocator - -Dio.netty.allocator.cacheTrimIntervalMillis: 0
13:18:01.632 [TestNG-tests-2] DEBUG i.n.buffer.PooledByteBufAllocator - -Dio.netty.allocator.useCacheForAllThreads: true
13:18:01.632 [TestNG-tests-2] DEBUG i.n.buffer.PooledByteBufAllocator - -Dio.netty.allocator.maxCachedByteBuffersPerChunk: 1023
13:18:01.663 [TestNG-tests-2] DEBUG io.netty.buffer.ByteBufUtil - -Dio.netty.allocator.type: pooled
13:18:01.663 [TestNG-tests-2] DEBUG io.netty.buffer.ByteBufUtil - -Dio.netty.threadLocalDirectBufferSize: 0
13:18:01.663 [TestNG-tests-2] DEBUG io.netty.buffer.ByteBufUtil - -Dio.netty.maxThreadLocalCharBufferSize: 16384
13:18:03.621 [Forwarding newSession on session null to remote] DEBUG io.netty.channel.DefaultChannelId - -Dio.netty.processId: 11716 (auto-detected)
13:18:03.621 [Forwarding newSession on session null to remote] DEBUG io.netty.util.NetUtil - -Djava.net.preferIPv4Stack: false
13:18:03.621 [Forwarding newSession on session null to remote] DEBUG io.netty.util.NetUtil - -Djava.net.preferIPv6Addresses: false
13:18:03.840 [Forwarding newSession on session null to remote] DEBUG io.netty.util.NetUtilInitializations - Loopback interface: lo (Software Loopback Interface 1, 127.0.0.1)
13:18:03.840 [Forwarding newSession on session null to remote] DEBUG io.netty.util.NetUtil - Failed to get SOMAXCONN from sysctl and file \proc\sys\net\core\somaxconn. Default: 200
13:18:04.062 [Forwarding newSession on session null to remote] DEBUG io.netty.channel.DefaultChannelId - -Dio.netty.machineId: e0:d5:5e:ff:fe:3d:ba:cc (auto-detected)
13:18:04.162 [AsyncHttpClient-1-3] DEBUG io.netty.buffer.AbstractByteBuf - -Dio.netty.buffer.checkAccessible: true
13:18:04.162 [AsyncHttpClient-1-3] DEBUG io.netty.buffer.AbstractByteBuf - -Dio.netty.buffer.checkBounds: true
13:18:04.162 [AsyncHttpClient-1-3] DEBUG i.n.util.ResourceLeakDetectorFactory - Loaded default ResourceLeakDetector: io.netty.util.ResourceLeakDetector@46e0ec8
13:18:04.209 [AsyncHttpClient-1-3] DEBUG o.a.n.channel.NettyConnectListener - Using new Channel '[id: 0x24fd21bb, L:/127.0.0.1:59313 - R:localhost/127.0.0.1:64665]' for 'POST' to '/session'
13:18:04.209 [AsyncHttpClient-1-2] DEBUG o.a.n.channel.NettyConnectListener - Using new Channel '[id: 0x0c524cbf, L:/127.0.0.1:59314 - R:localhost/127.0.0.1:57352]' for 'POST' to '/session'
13:18:04.225 [AsyncHttpClient-1-3] DEBUG io.netty.util.Recycler - -Dio.netty.recycler.maxCapacityPerThread: 4096
13:18:04.225 [AsyncHttpClient-1-3] DEBUG io.netty.util.Recycler - -Dio.netty.recycler.maxSharedCapacityFactor: 2
13:18:04.225 [AsyncHttpClient-1-3] DEBUG io.netty.util.Recycler - -Dio.netty.recycler.linkCapacity: 16
13:18:04.225 [AsyncHttpClient-1-3] DEBUG io.netty.util.Recycler - -Dio.netty.recycler.ratio: 8
13:18:04.225 [AsyncHttpClient-1-3] DEBUG io.netty.util.Recycler - -Dio.netty.recycler.delayedQueue.ratio: 8
13:18:11.732 [AsyncHttpClient-1-3] DEBUG i.n.handler.codec.compression.Brotli - brotli4j not in the classpath; Brotli support will be unavailable.
13:18:11.794 [AsyncHttpClient-1-3] DEBUG o.a.netty.handler.HttpHandler - 

Request DefaultHttpRequest(decodeResult: success, version: HTTP/1.1)
POST /session HTTP/1.1
User-Agent: selenium/4.1.1 (java windows)
Content-Length: 365
Content-Type: application/json; charset=utf-8
host: localhost:64665
accept: */*

Response DefaultHttpResponse(decodeResult: success, version: HTTP/1.1)
HTTP/1.1 200 OK
Content-Type: application/json; charset=utf-8
cache-control: no-cache
content-length: 787

13:18:11.846 [AsyncHttpClient-1-3] DEBUG o.a.netty.channel.ChannelManager - Adding key: http://localhost:64665 for channel [id: 0x24fd21bb, L:/127.0.0.1:59313 - R:localhost/127.0.0.1:64665]
13:18:12.415 [AsyncHttpClient-1-1] DEBUG o.a.netty.channel.DefaultChannelPool - Entry count for : http://localhost:64665 : 1
13:18:13.193 [AsyncHttpClient-1-4] DEBUG o.a.n.channel.NettyConnectListener - Using new Channel '[id: 0xde6efb89, L:/127.0.0.1:59334 - R:localhost/127.0.0.1:59321]' for 'GET' to '/json/version'
13:18:13.193 [AsyncHttpClient-1-4] DEBUG o.a.netty.handler.HttpHandler - 

Request DefaultFullHttpRequest(decodeResult: success, version: HTTP/1.1, content: EmptyByteBufBE)
GET /json/version HTTP/1.1
User-Agent: selenium/4.1.1 (java windows)
host: localhost:59321
accept: */*

Response DefaultHttpResponse(decodeResult: success, version: HTTP/1.1)
HTTP/1.1 200 OK
Content-Type: application/json; charset=UTF-8
content-length: 423

13:18:13.193 [AsyncHttpClient-1-4] DEBUG o.a.netty.channel.ChannelManager - Adding key: http://localhost:59321 for channel [id: 0xde6efb89, L:/127.0.0.1:59334 - R:localhost/127.0.0.1:59321]
13:18:13.229 [TestNG-tests-1] DEBUG i.n.util.internal.ThreadLocalRandom - -Dio.netty.initialSeedUniquifier: 0x6ad212ce092960d7
13:18:13.240 [AsyncHttpClient-1-5] DEBUG o.a.n.channel.NettyConnectListener - Using new Channel '[id: 0xf4f3d98b, L:/127.0.0.1:59335 - R:localhost/127.0.0.1:59321]' for 'GET' to '/devtools/browser/62522700-95a0-49d0-885b-032a456166ca'
13:18:13.242 [AsyncHttpClient-1-5] DEBUG o.a.netty.handler.WebSocketHandler - 

Request DefaultFullHttpRequest(decodeResult: success, version: HTTP/1.1, content: EmptyByteBufBE)
GET /devtools/browser/62522700-95a0-49d0-885b-032a456166ca HTTP/1.1
upgrade: websocket
connection: upgrade
sec-websocket-key: BvH0Vf2j+xhiuFBu2tjxAQ==
sec-websocket-version: 13
origin: http://localhost:59321
host: localhost:59321
accept: */*
user-agent: AHC/2.1

Response DefaultHttpResponse(decodeResult: success, version: HTTP/1.1)
HTTP/1.1 101 WebSocket Protocol Handshake
Upgrade: WebSocket
Connection: Upgrade
Sec-WebSocket-Accept: Ad4uPdsqlyH9hFIc1+iYZlrsnKM=

13:18:13.517 [AsyncHttpClient-1-1] DEBUG o.a.netty.channel.DefaultChannelPool - Entry count for : http://localhost:59321 : 1
13:18:13.517 [AsyncHttpClient-1-1] DEBUG o.a.netty.channel.DefaultChannelPool - Entry count for : http://localhost:64665 : 1
13:18:14.414 [Forwarding get on session cefd15cce33e49a7ed6023295c391940 to remote] DEBUG o.a.netty.request.NettyRequestSender - Using pooled Channel '[id: 0x24fd21bb, L:/127.0.0.1:59313 - R:localhost/127.0.0.1:64665]' for 'POST' to 'http://localhost:64665/session/cefd15cce33e49a7ed6023295c391940/url'
13:18:14.414 [Forwarding get on session cefd15cce33e49a7ed6023295c391940 to remote] DEBUG o.a.netty.request.NettyRequestSender - Using open Channel [id: 0x24fd21bb, L:/127.0.0.1:59313 - R:localhost/127.0.0.1:64665] for POST '/session/cefd15cce33e49a7ed6023295c391940/url'
13:18:14.616 [AsyncHttpClient-1-1] DEBUG o.a.netty.channel.DefaultChannelPool - Entry count for : http://localhost:59321 : 1
13:18:15.715 [AsyncHttpClient-1-1] DEBUG o.a.netty.channel.DefaultChannelPool - Entry count for : http://localhost:59321 : 1
13:18:16.815 [AsyncHttpClient-1-1] DEBUG o.a.netty.channel.DefaultChannelPool - Entry count for : http://localhost:59321 : 1
13:18:17.915 [AsyncHttpClient-1-1] DEBUG o.a.netty.channel.DefaultChannelPool - Entry count for : http://localhost:59321 : 1
13:18:19.016 [AsyncHttpClient-1-1] DEBUG o.a.netty.channel.DefaultChannelPool - Entry count for : http://localhost:59321 : 1
13:18:20.116 [AsyncHttpClient-1-1] DEBUG o.a.netty.channel.DefaultChannelPool - Entry count for : http://localhost:59321 : 1
13:18:21.216 [AsyncHttpClient-1-1] DEBUG o.a.netty.channel.DefaultChannelPool - Entry count for : http://localhost:59321 : 1
13:18:22.315 [AsyncHttpClient-1-1] DEBUG o.a.netty.channel.DefaultChannelPool - Entry count for : http://localhost:59321 : 1
13:18:23.416 [AsyncHttpClient-1-1] DEBUG o.a.netty.channel.DefaultChannelPool - Entry count for : http://localhost:59321 : 1
13:18:24.516 [AsyncHttpClient-1-1] DEBUG o.a.netty.channel.DefaultChannelPool - Entry count for : http://localhost:59321 : 1
13:18:25.615 [AsyncHttpClient-1-1] DEBUG o.a.netty.channel.DefaultChannelPool - Entry count for : http://localhost:59321 : 1
13:18:26.716 [AsyncHttpClient-1-1] DEBUG o.a.netty.channel.DefaultChannelPool - Entry count for : http://localhost:59321 : 1
13:18:27.816 [AsyncHttpClient-1-1] DEBUG o.a.netty.channel.DefaultChannelPool - Entry count for : http://localhost:59321 : 1
13:18:28.636 [AsyncHttpClient-1-3] DEBUG o.a.netty.handler.HttpHandler - 

Request DefaultHttpRequest(decodeResult: success, version: HTTP/1.1)
POST /session/cefd15cce33e49a7ed6023295c391940/url HTTP/1.1
User-Agent: selenium/4.1.1 (java windows)
Content-Length: 51
Content-Type: application/json; charset=utf-8
host: localhost:64665
accept: */*

Response DefaultHttpResponse(decodeResult: success, version: HTTP/1.1)
HTTP/1.1 200 OK
Content-Type: application/json; charset=utf-8
cache-control: no-cache
content-length: 14

13:18:28.636 [AsyncHttpClient-1-3] DEBUG o.a.netty.channel.ChannelManager - Adding key: http://localhost:64665 for channel [id: 0x24fd21bb, L:/127.0.0.1:59313 - R:localhost/127.0.0.1:64665]
13:18:28.712 [Forwarding maximizeCurrentWindow on session cefd15cce33e49a7ed6023295c391940 to remote] DEBUG o.a.netty.request.NettyRequestSender - Using pooled Channel '[id: 0x24fd21bb, L:/127.0.0.1:59313 - R:localhost/127.0.0.1:64665]' for 'POST' to 'http://localhost:64665/session/cefd15cce33e49a7ed6023295c391940/window/maximize'
13:18:28.712 [Forwarding maximizeCurrentWindow on session cefd15cce33e49a7ed6023295c391940 to remote] DEBUG o.a.netty.request.NettyRequestSender - Using open Channel [id: 0x24fd21bb, L:/127.0.0.1:59313 - R:localhost/127.0.0.1:64665] for POST '/session/cefd15cce33e49a7ed6023295c391940/window/maximize'
13:18:28.916 [AsyncHttpClient-1-1] DEBUG o.a.netty.channel.DefaultChannelPool - Entry count for : http://localhost:59321 : 1
13:18:30.015 [AsyncHttpClient-1-1] DEBUG o.a.netty.channel.DefaultChannelPool - Entry count for : http://localhost:59321 : 1
13:18:31.115 [AsyncHttpClient-1-1] DEBUG o.a.netty.channel.DefaultChannelPool - Entry count for : http://localhost:59321 : 1
13:18:32.216 [AsyncHttpClient-1-1] DEBUG o.a.netty.channel.DefaultChannelPool - Entry count for : http://localhost:59321 : 1
13:18:33.315 [AsyncHttpClient-1-1] DEBUG o.a.netty.channel.DefaultChannelPool - Entry count for : http://localhost:59321 : 1
13:18:34.153 [AsyncHttpClient-1-3] DEBUG o.a.netty.handler.HttpHandler - 

Request DefaultHttpRequest(decodeResult: success, version: HTTP/1.1)
POST /session/cefd15cce33e49a7ed6023295c391940/window/maximize HTTP/1.1
User-Agent: selenium/4.1.1 (java windows)
Content-Length: 3
Content-Type: application/json; charset=utf-8
host: localhost:64665
accept: */*

Response DefaultHttpResponse(decodeResult: success, version: HTTP/1.1)
HTTP/1.1 200 OK
Content-Type: application/json; charset=utf-8
cache-control: no-cache
content-length: 51

13:18:34.153 [AsyncHttpClient-1-3] DEBUG o.a.netty.channel.ChannelManager - Adding key: http://localhost:64665 for channel [id: 0x24fd21bb, L:/127.0.0.1:59313 - R:localhost/127.0.0.1:64665]
13:18:34.310 [Forwarding getCurrentWindowHandle on session cefd15cce33e49a7ed6023295c391940 to remote] DEBUG o.a.netty.request.NettyRequestSender - Using pooled Channel '[id: 0x24fd21bb, L:/127.0.0.1:59313 - R:localhost/127.0.0.1:64665]' for 'GET' to 'http://localhost:64665/session/cefd15cce33e49a7ed6023295c391940/window'
13:18:34.310 [Forwarding getCurrentWindowHandle on session cefd15cce33e49a7ed6023295c391940 to remote] DEBUG o.a.netty.request.NettyRequestSender - Using open Channel [id: 0x24fd21bb, L:/127.0.0.1:59313 - R:localhost/127.0.0.1:64665] for GET '/session/cefd15cce33e49a7ed6023295c391940/window'
13:18:34.391 [AsyncHttpClient-1-3] DEBUG o.a.netty.handler.HttpHandler - 

Request DefaultFullHttpRequest(decodeResult: success, version: HTTP/1.1, content: EmptyByteBufBE)
GET /session/cefd15cce33e49a7ed6023295c391940/window HTTP/1.1
User-Agent: selenium/4.1.1 (java windows)
Cache-Control: no-cache
Content-Type: application/json; charset=utf-8
host: localhost:64665
accept: */*

Response DefaultHttpResponse(decodeResult: success, version: HTTP/1.1)
HTTP/1.1 200 OK
Content-Type: application/json; charset=utf-8
cache-control: no-cache
content-length: 53

13:18:34.391 [AsyncHttpClient-1-3] DEBUG o.a.netty.channel.ChannelManager - Adding key: http://localhost:64665 for channel [id: 0x24fd21bb, L:/127.0.0.1:59313 - R:localhost/127.0.0.1:64665]
13:18:34.393 [Forwarding getWindowHandles on session cefd15cce33e49a7ed6023295c391940 to remote] DEBUG o.a.netty.request.NettyRequestSender - Using pooled Channel '[id: 0x24fd21bb, L:/127.0.0.1:59313 - R:localhost/127.0.0.1:64665]' for 'GET' to 'http://localhost:64665/session/cefd15cce33e49a7ed6023295c391940/window/handles'
13:18:34.393 [Forwarding getWindowHandles on session cefd15cce33e49a7ed6023295c391940 to remote] DEBUG o.a.netty.request.NettyRequestSender - Using open Channel [id: 0x24fd21bb, L:/127.0.0.1:59313 - R:localhost/127.0.0.1:64665] for GET '/session/cefd15cce33e49a7ed6023295c391940/window/handles'
13:18:34.415 [AsyncHttpClient-1-1] DEBUG o.a.netty.channel.DefaultChannelPool - Entry count for : http://localhost:59321 : 1
13:18:34.645 [AsyncHttpClient-1-3] DEBUG o.a.netty.handler.HttpHandler - 

Request DefaultFullHttpRequest(decodeResult: success, version: HTTP/1.1, content: EmptyByteBufBE)
GET /session/cefd15cce33e49a7ed6023295c391940/window/handles HTTP/1.1
User-Agent: selenium/4.1.1 (java windows)
Cache-Control: no-cache
Content-Type: application/json; charset=utf-8
host: localhost:64665
accept: */*

Response DefaultHttpResponse(decodeResult: success, version: HTTP/1.1)
HTTP/1.1 200 OK
Content-Type: application/json; charset=utf-8
cache-control: no-cache
content-length: 55

13:18:34.646 [AsyncHttpClient-1-3] DEBUG o.a.netty.channel.ChannelManager - Adding key: http://localhost:64665 for channel [id: 0x24fd21bb, L:/127.0.0.1:59313 - R:localhost/127.0.0.1:64665]
13:18:35.200 [Forwarding switchToWindow on session cefd15cce33e49a7ed6023295c391940 to remote] DEBUG o.a.netty.request.NettyRequestSender - Using pooled Channel '[id: 0x24fd21bb, L:/127.0.0.1:59313 - R:localhost/127.0.0.1:64665]' for 'POST' to 'http://localhost:64665/session/cefd15cce33e49a7ed6023295c391940/window'
13:18:35.200 [Forwarding switchToWindow on session cefd15cce33e49a7ed6023295c391940 to remote] DEBUG o.a.netty.request.NettyRequestSender - Using open Channel [id: 0x24fd21bb, L:/127.0.0.1:59313 - R:localhost/127.0.0.1:64665] for POST '/session/cefd15cce33e49a7ed6023295c391940/window'
13:18:35.271 [AsyncHttpClient-1-3] DEBUG o.a.netty.handler.HttpHandler - 

Request DefaultHttpRequest(decodeResult: success, version: HTTP/1.1)
POST /session/cefd15cce33e49a7ed6023295c391940/window HTTP/1.1
User-Agent: selenium/4.1.1 (java windows)
Content-Length: 59
Content-Type: application/json; charset=utf-8
host: localhost:64665
accept: */*

Response DefaultHttpResponse(decodeResult: success, version: HTTP/1.1)
HTTP/1.1 200 OK
Content-Type: application/json; charset=utf-8
cache-control: no-cache
content-length: 14

13:18:35.272 [AsyncHttpClient-1-3] DEBUG o.a.netty.channel.ChannelManager - Adding key: http://localhost:64665 for channel [id: 0x24fd21bb, L:/127.0.0.1:59313 - R:localhost/127.0.0.1:64665]
13:18:35.274 [Forwarding getCurrentWindowHandle on session cefd15cce33e49a7ed6023295c391940 to remote] DEBUG o.a.netty.request.NettyRequestSender - Using pooled Channel '[id: 0x24fd21bb, L:/127.0.0.1:59313 - R:localhost/127.0.0.1:64665]' for 'GET' to 'http://localhost:64665/session/cefd15cce33e49a7ed6023295c391940/window'
13:18:35.274 [Forwarding getCurrentWindowHandle on session cefd15cce33e49a7ed6023295c391940 to remote] DEBUG o.a.netty.request.NettyRequestSender - Using open Channel [id: 0x24fd21bb, L:/127.0.0.1:59313 - R:localhost/127.0.0.1:64665] for GET '/session/cefd15cce33e49a7ed6023295c391940/window'
13:18:35.291 [AsyncHttpClient-1-3] DEBUG o.a.netty.handler.HttpHandler - 

Request DefaultFullHttpRequest(decodeResult: success, version: HTTP/1.1, content: EmptyByteBufBE)
GET /session/cefd15cce33e49a7ed6023295c391940/window HTTP/1.1
User-Agent: selenium/4.1.1 (java windows)
Cache-Control: no-cache
Content-Type: application/json; charset=utf-8
host: localhost:64665
accept: */*

Response DefaultHttpResponse(decodeResult: success, version: HTTP/1.1)
HTTP/1.1 200 OK
Content-Type: application/json; charset=utf-8
cache-control: no-cache
content-length: 53

13:18:35.291 [AsyncHttpClient-1-3] DEBUG o.a.netty.channel.ChannelManager - Adding key: http://localhost:64665 for channel [id: 0x24fd21bb, L:/127.0.0.1:59313 - R:localhost/127.0.0.1:64665]
13:18:35.396 [Forwarding getCurrentWindowHandle on session cefd15cce33e49a7ed6023295c391940 to remote] DEBUG o.a.netty.request.NettyRequestSender - Using pooled Channel '[id: 0x24fd21bb, L:/127.0.0.1:59313 - R:localhost/127.0.0.1:64665]' for 'GET' to 'http://localhost:64665/session/cefd15cce33e49a7ed6023295c391940/window'
13:18:35.396 [Forwarding getCurrentWindowHandle on session cefd15cce33e49a7ed6023295c391940 to remote] DEBUG o.a.netty.request.NettyRequestSender - Using open Channel [id: 0x24fd21bb, L:/127.0.0.1:59313 - R:localhost/127.0.0.1:64665] for GET '/session/cefd15cce33e49a7ed6023295c391940/window'
13:18:35.398 [AsyncHttpClient-1-3] DEBUG o.a.netty.handler.HttpHandler - 

Request DefaultFullHttpRequest(decodeResult: success, version: HTTP/1.1, content: EmptyByteBufBE)
GET /session/cefd15cce33e49a7ed6023295c391940/window HTTP/1.1
User-Agent: selenium/4.1.1 (java windows)
Cache-Control: no-cache
Content-Type: application/json; charset=utf-8
host: localhost:64665
accept: */*

Response DefaultHttpResponse(decodeResult: success, version: HTTP/1.1)
HTTP/1.1 200 OK
Content-Type: application/json; charset=utf-8
cache-control: no-cache
content-length: 53

13:18:35.398 [AsyncHttpClient-1-3] DEBUG o.a.netty.channel.ChannelManager - Adding key: http://localhost:64665 for channel [id: 0x24fd21bb, L:/127.0.0.1:59313 - R:localhost/127.0.0.1:64665]
13:18:35.401 [Forwarding getWindowHandles on session cefd15cce33e49a7ed6023295c391940 to remote] DEBUG o.a.netty.request.NettyRequestSender - Using pooled Channel '[id: 0x24fd21bb, L:/127.0.0.1:59313 - R:localhost/127.0.0.1:64665]' for 'GET' to 'http://localhost:64665/session/cefd15cce33e49a7ed6023295c391940/window/handles'
13:18:35.401 [Forwarding getWindowHandles on session cefd15cce33e49a7ed6023295c391940 to remote] DEBUG o.a.netty.request.NettyRequestSender - Using open Channel [id: 0x24fd21bb, L:/127.0.0.1:59313 - R:localhost/127.0.0.1:64665] for GET '/session/cefd15cce33e49a7ed6023295c391940/window/handles'
13:18:35.406 [AsyncHttpClient-1-3] DEBUG o.a.netty.handler.HttpHandler - 

Request DefaultFullHttpRequest(decodeResult: success, version: HTTP/1.1, content: EmptyByteBufBE)
GET /session/cefd15cce33e49a7ed6023295c391940/window/handles HTTP/1.1
User-Agent: selenium/4.1.1 (java windows)
Cache-Control: no-cache
Content-Type: application/json; charset=utf-8
host: localhost:64665
accept: */*

Response DefaultHttpResponse(decodeResult: success, version: HTTP/1.1)
HTTP/1.1 200 OK
Content-Type: application/json; charset=utf-8
cache-control: no-cache
content-length: 55

13:18:35.407 [AsyncHttpClient-1-3] DEBUG o.a.netty.channel.ChannelManager - Adding key: http://localhost:64665 for channel [id: 0x24fd21bb, L:/127.0.0.1:59313 - R:localhost/127.0.0.1:64665]
13:18:35.410 [Forwarding switchToWindow on session cefd15cce33e49a7ed6023295c391940 to remote] DEBUG o.a.netty.request.NettyRequestSender - Using pooled Channel '[id: 0x24fd21bb, L:/127.0.0.1:59313 - R:localhost/127.0.0.1:64665]' for 'POST' to 'http://localhost:64665/session/cefd15cce33e49a7ed6023295c391940/window'
13:18:35.411 [Forwarding switchToWindow on session cefd15cce33e49a7ed6023295c391940 to remote] DEBUG o.a.netty.request.NettyRequestSender - Using open Channel [id: 0x24fd21bb, L:/127.0.0.1:59313 - R:localhost/127.0.0.1:64665] for POST '/session/cefd15cce33e49a7ed6023295c391940/window'
13:18:35.425 [AsyncHttpClient-1-3] DEBUG o.a.netty.handler.HttpHandler - 

Request DefaultHttpRequest(decodeResult: success, version: HTTP/1.1)
POST /session/cefd15cce33e49a7ed6023295c391940/window HTTP/1.1
User-Agent: selenium/4.1.1 (java windows)
Content-Length: 59
Content-Type: application/json; charset=utf-8
host: localhost:64665
accept: */*

Response DefaultHttpResponse(decodeResult: success, version: HTTP/1.1)
HTTP/1.1 200 OK
Content-Type: application/json; charset=utf-8
cache-control: no-cache
content-length: 14

13:18:35.426 [AsyncHttpClient-1-3] DEBUG o.a.netty.channel.ChannelManager - Adding key: http://localhost:64665 for channel [id: 0x24fd21bb, L:/127.0.0.1:59313 - R:localhost/127.0.0.1:64665]
13:18:35.428 [Forwarding getCurrentWindowHandle on session cefd15cce33e49a7ed6023295c391940 to remote] DEBUG o.a.netty.request.NettyRequestSender - Using pooled Channel '[id: 0x24fd21bb, L:/127.0.0.1:59313 - R:localhost/127.0.0.1:64665]' for 'GET' to 'http://localhost:64665/session/cefd15cce33e49a7ed6023295c391940/window'
13:18:35.429 [Forwarding getCurrentWindowHandle on session cefd15cce33e49a7ed6023295c391940 to remote] DEBUG o.a.netty.request.NettyRequestSender - Using open Channel [id: 0x24fd21bb, L:/127.0.0.1:59313 - R:localhost/127.0.0.1:64665] for GET '/session/cefd15cce33e49a7ed6023295c391940/window'
13:18:35.434 [AsyncHttpClient-1-3] DEBUG o.a.netty.handler.HttpHandler - 

Request DefaultFullHttpRequest(decodeResult: success, version: HTTP/1.1, content: EmptyByteBufBE)
GET /session/cefd15cce33e49a7ed6023295c391940/window HTTP/1.1
User-Agent: selenium/4.1.1 (java windows)
Cache-Control: no-cache
Content-Type: application/json; charset=utf-8
host: localhost:64665
accept: */*

Response DefaultHttpResponse(decodeResult: success, version: HTTP/1.1)
HTTP/1.1 200 OK
Content-Type: application/json; charset=utf-8
cache-control: no-cache
content-length: 53

13:18:35.434 [AsyncHttpClient-1-3] DEBUG o.a.netty.channel.ChannelManager - Adding key: http://localhost:64665 for channel [id: 0x24fd21bb, L:/127.0.0.1:59313 - R:localhost/127.0.0.1:64665]
13:18:35.447 [Forwarding getCurrentWindowHandle on session cefd15cce33e49a7ed6023295c391940 to remote] DEBUG o.a.netty.request.NettyRequestSender - Using pooled Channel '[id: 0x24fd21bb, L:/127.0.0.1:59313 - R:localhost/127.0.0.1:64665]' for 'GET' to 'http://localhost:64665/session/cefd15cce33e49a7ed6023295c391940/window'
13:18:35.447 [Forwarding getCurrentWindowHandle on session cefd15cce33e49a7ed6023295c391940 to remote] DEBUG o.a.netty.request.NettyRequestSender - Using open Channel [id: 0x24fd21bb, L:/127.0.0.1:59313 - R:localhost/127.0.0.1:64665] for GET '/session/cefd15cce33e49a7ed6023295c391940/window'
13:18:35.449 [AsyncHttpClient-1-3] DEBUG o.a.netty.handler.HttpHandler - 

Request DefaultFullHttpRequest(decodeResult: success, version: HTTP/1.1, content: EmptyByteBufBE)
GET /session/cefd15cce33e49a7ed6023295c391940/window HTTP/1.1
User-Agent: selenium/4.1.1 (java windows)
Cache-Control: no-cache
Content-Type: application/json; charset=utf-8
host: localhost:64665
accept: */*

Response DefaultHttpResponse(decodeResult: success, version: HTTP/1.1)
HTTP/1.1 200 OK
Content-Type: application/json; charset=utf-8
cache-control: no-cache
content-length: 53

13:18:35.449 [AsyncHttpClient-1-3] DEBUG o.a.netty.channel.ChannelManager - Adding key: http://localhost:64665 for channel [id: 0x24fd21bb, L:/127.0.0.1:59313 - R:localhost/127.0.0.1:64665]
13:18:35.453 [Forwarding getWindowHandles on session cefd15cce33e49a7ed6023295c391940 to remote] DEBUG o.a.netty.request.NettyRequestSender - Using pooled Channel '[id: 0x24fd21bb, L:/127.0.0.1:59313 - R:localhost/127.0.0.1:64665]' for 'GET' to 'http://localhost:64665/session/cefd15cce33e49a7ed6023295c391940/window/handles'
13:18:35.453 [Forwarding getWindowHandles on session cefd15cce33e49a7ed6023295c391940 to remote] DEBUG o.a.netty.request.NettyRequestSender - Using open Channel [id: 0x24fd21bb, L:/127.0.0.1:59313 - R:localhost/127.0.0.1:64665] for GET '/session/cefd15cce33e49a7ed6023295c391940/window/handles'
13:18:35.459 [AsyncHttpClient-1-3] DEBUG o.a.netty.handler.HttpHandler - 

Request DefaultFullHttpRequest(decodeResult: success, version: HTTP/1.1, content: EmptyByteBufBE)
GET /session/cefd15cce33e49a7ed6023295c391940/window/handles HTTP/1.1
User-Agent: selenium/4.1.1 (java windows)
Cache-Control: no-cache
Content-Type: application/json; charset=utf-8
host: localhost:64665
accept: */*

Response DefaultHttpResponse(decodeResult: success, version: HTTP/1.1)
HTTP/1.1 200 OK
Content-Type: application/json; charset=utf-8
cache-control: no-cache
content-length: 55

13:18:35.460 [AsyncHttpClient-1-3] DEBUG o.a.netty.channel.ChannelManager - Adding key: http://localhost:64665 for channel [id: 0x24fd21bb, L:/127.0.0.1:59313 - R:localhost/127.0.0.1:64665]
13:18:35.463 [Forwarding switchToWindow on session cefd15cce33e49a7ed6023295c391940 to remote] DEBUG o.a.netty.request.NettyRequestSender - Using pooled Channel '[id: 0x24fd21bb, L:/127.0.0.1:59313 - R:localhost/127.0.0.1:64665]' for 'POST' to 'http://localhost:64665/session/cefd15cce33e49a7ed6023295c391940/window'
13:18:35.463 [Forwarding switchToWindow on session cefd15cce33e49a7ed6023295c391940 to remote] DEBUG o.a.netty.request.NettyRequestSender - Using open Channel [id: 0x24fd21bb, L:/127.0.0.1:59313 - R:localhost/127.0.0.1:64665] for POST '/session/cefd15cce33e49a7ed6023295c391940/window'
13:18:35.472 [AsyncHttpClient-1-3] DEBUG o.a.netty.handler.HttpHandler - 

Request DefaultHttpRequest(decodeResult: success, version: HTTP/1.1)
POST /session/cefd15cce33e49a7ed6023295c391940/window HTTP/1.1
User-Agent: selenium/4.1.1 (java windows)
Content-Length: 59
Content-Type: application/json; charset=utf-8
host: localhost:64665
accept: */*

Response DefaultHttpResponse(decodeResult: success, version: HTTP/1.1)
HTTP/1.1 200 OK
Content-Type: application/json; charset=utf-8
cache-control: no-cache
content-length: 14

13:18:35.472 [AsyncHttpClient-1-3] DEBUG o.a.netty.channel.ChannelManager - Adding key: http://localhost:64665 for channel [id: 0x24fd21bb, L:/127.0.0.1:59313 - R:localhost/127.0.0.1:64665]
13:18:35.474 [Forwarding getCurrentWindowHandle on session cefd15cce33e49a7ed6023295c391940 to remote] DEBUG o.a.netty.request.NettyRequestSender - Using pooled Channel '[id: 0x24fd21bb, L:/127.0.0.1:59313 - R:localhost/127.0.0.1:64665]' for 'GET' to 'http://localhost:64665/session/cefd15cce33e49a7ed6023295c391940/window'
13:18:35.474 [Forwarding getCurrentWindowHandle on session cefd15cce33e49a7ed6023295c391940 to remote] DEBUG o.a.netty.request.NettyRequestSender - Using open Channel [id: 0x24fd21bb, L:/127.0.0.1:59313 - R:localhost/127.0.0.1:64665] for GET '/session/cefd15cce33e49a7ed6023295c391940/window'
13:18:35.476 [AsyncHttpClient-1-3] DEBUG o.a.netty.handler.HttpHandler - 

Request DefaultFullHttpRequest(decodeResult: success, version: HTTP/1.1, content: EmptyByteBufBE)
GET /session/cefd15cce33e49a7ed6023295c391940/window HTTP/1.1
User-Agent: selenium/4.1.1 (java windows)
Cache-Control: no-cache
Content-Type: application/json; charset=utf-8
host: localhost:64665
accept: */*

Response DefaultHttpResponse(decodeResult: success, version: HTTP/1.1)
HTTP/1.1 200 OK
Content-Type: application/json; charset=utf-8
cache-control: no-cache
content-length: 53

13:18:35.477 [AsyncHttpClient-1-3] DEBUG o.a.netty.channel.ChannelManager - Adding key: http://localhost:64665 for channel [id: 0x24fd21bb, L:/127.0.0.1:59313 - R:localhost/127.0.0.1:64665]
13:18:35.508 [Forwarding getCurrentWindowHandle on session cefd15cce33e49a7ed6023295c391940 to remote] DEBUG o.a.netty.request.NettyRequestSender - Using pooled Channel '[id: 0x24fd21bb, L:/127.0.0.1:59313 - R:localhost/127.0.0.1:64665]' for 'GET' to 'http://localhost:64665/session/cefd15cce33e49a7ed6023295c391940/window'
13:18:35.508 [Forwarding getCurrentWindowHandle on session cefd15cce33e49a7ed6023295c391940 to remote] DEBUG o.a.netty.request.NettyRequestSender - Using open Channel [id: 0x24fd21bb, L:/127.0.0.1:59313 - R:localhost/127.0.0.1:64665] for GET '/session/cefd15cce33e49a7ed6023295c391940/window'
13:18:35.511 [AsyncHttpClient-1-3] DEBUG o.a.netty.handler.HttpHandler - 

Request DefaultFullHttpRequest(decodeResult: success, version: HTTP/1.1, content: EmptyByteBufBE)
GET /session/cefd15cce33e49a7ed6023295c391940/window HTTP/1.1
User-Agent: selenium/4.1.1 (java windows)
Cache-Control: no-cache
Content-Type: application/json; charset=utf-8
host: localhost:64665
accept: */*

Response DefaultHttpResponse(decodeResult: success, version: HTTP/1.1)
HTTP/1.1 200 OK
Content-Type: application/json; charset=utf-8
cache-control: no-cache
content-length: 53

13:18:35.511 [AsyncHttpClient-1-3] DEBUG o.a.netty.channel.ChannelManager - Adding key: http://localhost:64665 for channel [id: 0x24fd21bb, L:/127.0.0.1:59313 - R:localhost/127.0.0.1:64665]
13:18:35.514 [Forwarding getWindowHandles on session cefd15cce33e49a7ed6023295c391940 to remote] DEBUG o.a.netty.request.NettyRequestSender - Using pooled Channel '[id: 0x24fd21bb, L:/127.0.0.1:59313 - R:localhost/127.0.0.1:64665]' for 'GET' to 'http://localhost:64665/session/cefd15cce33e49a7ed6023295c391940/window/handles'
13:18:35.514 [Forwarding getWindowHandles on session cefd15cce33e49a7ed6023295c391940 to remote] DEBUG o.a.netty.request.NettyRequestSender - Using open Channel [id: 0x24fd21bb, L:/127.0.0.1:59313 - R:localhost/127.0.0.1:64665] for GET '/session/cefd15cce33e49a7ed6023295c391940/window/handles'
13:18:35.516 [AsyncHttpClient-1-1] DEBUG o.a.netty.channel.DefaultChannelPool - Entry count for : http://localhost:59321 : 1
13:18:35.520 [AsyncHttpClient-1-3] DEBUG o.a.netty.handler.HttpHandler - 

Request DefaultFullHttpRequest(decodeResult: success, version: HTTP/1.1, content: EmptyByteBufBE)
GET /session/cefd15cce33e49a7ed6023295c391940/window/handles HTTP/1.1
User-Agent: selenium/4.1.1 (java windows)
Cache-Control: no-cache
Content-Type: application/json; charset=utf-8
host: localhost:64665
accept: */*

Response DefaultHttpResponse(decodeResult: success, version: HTTP/1.1)
HTTP/1.1 200 OK
Content-Type: application/json; charset=utf-8
cache-control: no-cache
content-length: 55

13:18:35.521 [AsyncHttpClient-1-3] DEBUG o.a.netty.channel.ChannelManager - Adding key: http://localhost:64665 for channel [id: 0x24fd21bb, L:/127.0.0.1:59313 - R:localhost/127.0.0.1:64665]
13:18:35.524 [Forwarding switchToWindow on session cefd15cce33e49a7ed6023295c391940 to remote] DEBUG o.a.netty.request.NettyRequestSender - Using pooled Channel '[id: 0x24fd21bb, L:/127.0.0.1:59313 - R:localhost/127.0.0.1:64665]' for 'POST' to 'http://localhost:64665/session/cefd15cce33e49a7ed6023295c391940/window'
13:18:35.524 [Forwarding switchToWindow on session cefd15cce33e49a7ed6023295c391940 to remote] DEBUG o.a.netty.request.NettyRequestSender - Using open Channel [id: 0x24fd21bb, L:/127.0.0.1:59313 - R:localhost/127.0.0.1:64665] for POST '/session/cefd15cce33e49a7ed6023295c391940/window'
13:18:35.533 [AsyncHttpClient-1-3] DEBUG o.a.netty.handler.HttpHandler - 

Request DefaultHttpRequest(decodeResult: success, version: HTTP/1.1)
POST /session/cefd15cce33e49a7ed6023295c391940/window HTTP/1.1
User-Agent: selenium/4.1.1 (java windows)
Content-Length: 59
Content-Type: application/json; charset=utf-8
host: localhost:64665
accept: */*

Response DefaultHttpResponse(decodeResult: success, version: HTTP/1.1)
HTTP/1.1 200 OK
Content-Type: application/json; charset=utf-8
cache-control: no-cache
content-length: 14

13:18:35.534 [AsyncHttpClient-1-3] DEBUG o.a.netty.channel.ChannelManager - Adding key: http://localhost:64665 for channel [id: 0x24fd21bb, L:/127.0.0.1:59313 - R:localhost/127.0.0.1:64665]
13:18:35.536 [Forwarding getCurrentWindowHandle on session cefd15cce33e49a7ed6023295c391940 to remote] DEBUG o.a.netty.request.NettyRequestSender - Using pooled Channel '[id: 0x24fd21bb, L:/127.0.0.1:59313 - R:localhost/127.0.0.1:64665]' for 'GET' to 'http://localhost:64665/session/cefd15cce33e49a7ed6023295c391940/window'
13:18:35.537 [Forwarding getCurrentWindowHandle on session cefd15cce33e49a7ed6023295c391940 to remote] DEBUG o.a.netty.request.NettyRequestSender - Using open Channel [id: 0x24fd21bb, L:/127.0.0.1:59313 - R:localhost/127.0.0.1:64665] for GET '/session/cefd15cce33e49a7ed6023295c391940/window'
13:18:35.539 [AsyncHttpClient-1-3] DEBUG o.a.netty.handler.HttpHandler - 

Request DefaultFullHttpRequest(decodeResult: success, version: HTTP/1.1, content: EmptyByteBufBE)
GET /session/cefd15cce33e49a7ed6023295c391940/window HTTP/1.1
User-Agent: selenium/4.1.1 (java windows)
Cache-Control: no-cache
Content-Type: application/json; charset=utf-8
host: localhost:64665
accept: */*

Response DefaultHttpResponse(decodeResult: success, version: HTTP/1.1)
HTTP/1.1 200 OK
Content-Type: application/json; charset=utf-8
cache-control: no-cache
content-length: 53

13:18:35.540 [AsyncHttpClient-1-3] DEBUG o.a.netty.channel.ChannelManager - Adding key: http://localhost:64665 for channel [id: 0x24fd21bb, L:/127.0.0.1:59313 - R:localhost/127.0.0.1:64665]
13:18:35.625 [Forwarding setTimeout on session cefd15cce33e49a7ed6023295c391940 to remote] DEBUG o.a.netty.request.NettyRequestSender - Using pooled Channel '[id: 0x24fd21bb, L:/127.0.0.1:59313 - R:localhost/127.0.0.1:64665]' for 'POST' to 'http://localhost:64665/session/cefd15cce33e49a7ed6023295c391940/timeouts'
13:18:35.626 [Forwarding setTimeout on session cefd15cce33e49a7ed6023295c391940 to remote] DEBUG o.a.netty.request.NettyRequestSender - Using open Channel [id: 0x24fd21bb, L:/127.0.0.1:59313 - R:localhost/127.0.0.1:64665] for POST '/session/cefd15cce33e49a7ed6023295c391940/timeouts'
13:18:35.628 [AsyncHttpClient-1-3] DEBUG o.a.netty.handler.HttpHandler - 

Request DefaultHttpRequest(decodeResult: success, version: HTTP/1.1)
POST /session/cefd15cce33e49a7ed6023295c391940/timeouts HTTP/1.1
User-Agent: selenium/4.1.1 (java windows)
Content-Length: 26
Content-Type: application/json; charset=utf-8
host: localhost:64665
accept: */*

Response DefaultHttpResponse(decodeResult: success, version: HTTP/1.1)
HTTP/1.1 200 OK
Content-Type: application/json; charset=utf-8
cache-control: no-cache
content-length: 14

13:18:35.628 [AsyncHttpClient-1-3] DEBUG o.a.netty.channel.ChannelManager - Adding key: http://localhost:64665 for channel [id: 0x24fd21bb, L:/127.0.0.1:59313 - R:localhost/127.0.0.1:64665]
13:18:35.634 [Forwarding findElement on session cefd15cce33e49a7ed6023295c391940 to remote] DEBUG o.a.netty.request.NettyRequestSender - Using pooled Channel '[id: 0x24fd21bb, L:/127.0.0.1:59313 - R:localhost/127.0.0.1:64665]' for 'POST' to 'http://localhost:64665/session/cefd15cce33e49a7ed6023295c391940/element'
13:18:35.635 [Forwarding findElement on session cefd15cce33e49a7ed6023295c391940 to remote] DEBUG o.a.netty.request.NettyRequestSender - Using open Channel [id: 0x24fd21bb, L:/127.0.0.1:59313 - R:localhost/127.0.0.1:64665] for POST '/session/cefd15cce33e49a7ed6023295c391940/element'
13:18:36.616 [AsyncHttpClient-1-1] DEBUG o.a.netty.channel.DefaultChannelPool - Entry count for : http://localhost:59321 : 1
13:18:37.715 [AsyncHttpClient-1-1] DEBUG o.a.netty.channel.DefaultChannelPool - Entry count for : http://localhost:59321 : 1
13:18:37.945 [AsyncHttpClient-1-3] DEBUG o.a.netty.handler.HttpHandler - 

Request DefaultHttpRequest(decodeResult: success, version: HTTP/1.1)
POST /session/cefd15cce33e49a7ed6023295c391940/element HTTP/1.1
User-Agent: selenium/4.1.1 (java windows)
Content-Length: 71
Content-Type: application/json; charset=utf-8
host: localhost:64665
accept: */*

Response DefaultHttpResponse(decodeResult: success, version: HTTP/1.1)
HTTP/1.1 200 OK
Content-Type: application/json; charset=utf-8
cache-control: no-cache
content-length: 88

13:18:37.945 [AsyncHttpClient-1-3] DEBUG o.a.netty.channel.ChannelManager - Adding key: http://localhost:64665 for channel [id: 0x24fd21bb, L:/127.0.0.1:59313 - R:localhost/127.0.0.1:64665]
13:18:38.023 [Forwarding findChildElement on session cefd15cce33e49a7ed6023295c391940 to remote] DEBUG o.a.netty.request.NettyRequestSender - Using pooled Channel '[id: 0x24fd21bb, L:/127.0.0.1:59313 - R:localhost/127.0.0.1:64665]' for 'POST' to 'http://localhost:64665/session/cefd15cce33e49a7ed6023295c391940/element/117142c3-004e-46cb-8b12-f4d68c6dd303/element'
13:18:38.023 [Forwarding findChildElement on session cefd15cce33e49a7ed6023295c391940 to remote] DEBUG o.a.netty.request.NettyRequestSender - Using open Channel [id: 0x24fd21bb, L:/127.0.0.1:59313 - R:localhost/127.0.0.1:64665] for POST '/session/cefd15cce33e49a7ed6023295c391940/element/117142c3-004e-46cb-8b12-f4d68c6dd303/element'
13:18:38.051 [AsyncHttpClient-1-3] DEBUG o.a.netty.handler.HttpHandler - 

Request DefaultHttpRequest(decodeResult: success, version: HTTP/1.1)
POST /session/cefd15cce33e49a7ed6023295c391940/element/117142c3-004e-46cb-8b12-f4d68c6dd303/element HTTP/1.1
User-Agent: selenium/4.1.1 (java windows)
Content-Length: 140
Content-Type: application/json; charset=utf-8
host: localhost:64665
accept: */*

Response DefaultHttpResponse(decodeResult: success, version: HTTP/1.1)
HTTP/1.1 200 OK
Content-Type: application/json; charset=utf-8
cache-control: no-cache
content-length: 88

13:18:38.051 [AsyncHttpClient-1-3] DEBUG o.a.netty.channel.ChannelManager - Adding key: http://localhost:64665 for channel [id: 0x24fd21bb, L:/127.0.0.1:59313 - R:localhost/127.0.0.1:64665]
13:18:38.057 [Forwarding sendKeysToElement on session cefd15cce33e49a7ed6023295c391940 to remote] DEBUG o.a.netty.request.NettyRequestSender - Using pooled Channel '[id: 0x24fd21bb, L:/127.0.0.1:59313 - R:localhost/127.0.0.1:64665]' for 'POST' to 'http://localhost:64665/session/cefd15cce33e49a7ed6023295c391940/element/00a19100-062b-42f2-9ffe-583f787eee25/value'
13:18:38.057 [Forwarding sendKeysToElement on session cefd15cce33e49a7ed6023295c391940 to remote] DEBUG o.a.netty.request.NettyRequestSender - Using open Channel [id: 0x24fd21bb, L:/127.0.0.1:59313 - R:localhost/127.0.0.1:64665] for POST '/session/cefd15cce33e49a7ed6023295c391940/element/00a19100-062b-42f2-9ffe-583f787eee25/value'
13:18:38.815 [AsyncHttpClient-1-1] DEBUG o.a.netty.channel.DefaultChannelPool - Entry count for : http://localhost:59321 : 1
13:18:39.915 [AsyncHttpClient-1-1] DEBUG o.a.netty.channel.DefaultChannelPool - Entry count for : http://localhost:59321 : 1
13:18:40.387 [AsyncHttpClient-1-3] DEBUG o.a.netty.handler.HttpHandler - 

Request DefaultHttpRequest(decodeResult: success, version: HTTP/1.1)
POST /session/cefd15cce33e49a7ed6023295c391940/element/00a19100-062b-42f2-9ffe-583f787eee25/value HTTP/1.1
User-Agent: selenium/4.1.1 (java windows)
Content-Length: 171
Content-Type: application/json; charset=utf-8
host: localhost:64665
accept: */*

Response DefaultHttpResponse(decodeResult: success, version: HTTP/1.1)
HTTP/1.1 200 OK
Content-Type: application/json; charset=utf-8
cache-control: no-cache
content-length: 14

13:18:40.387 [AsyncHttpClient-1-3] DEBUG o.a.netty.channel.ChannelManager - Adding key: http://localhost:64665 for channel [id: 0x24fd21bb, L:/127.0.0.1:59313 - R:localhost/127.0.0.1:64665]
13:18:40.390 [Forwarding setTimeout on session cefd15cce33e49a7ed6023295c391940 to remote] DEBUG o.a.netty.request.NettyRequestSender - Using pooled Channel '[id: 0x24fd21bb, L:/127.0.0.1:59313 - R:localhost/127.0.0.1:64665]' for 'POST' to 'http://localhost:64665/session/cefd15cce33e49a7ed6023295c391940/timeouts'
13:18:40.391 [Forwarding setTimeout on session cefd15cce33e49a7ed6023295c391940 to remote] DEBUG o.a.netty.request.NettyRequestSender - Using open Channel [id: 0x24fd21bb, L:/127.0.0.1:59313 - R:localhost/127.0.0.1:64665] for POST '/session/cefd15cce33e49a7ed6023295c391940/timeouts'
13:18:40.393 [AsyncHttpClient-1-3] DEBUG o.a.netty.handler.HttpHandler - 

Request DefaultHttpRequest(decodeResult: success, version: HTTP/1.1)
POST /session/cefd15cce33e49a7ed6023295c391940/timeouts HTTP/1.1
User-Agent: selenium/4.1.1 (java windows)
Content-Length: 26
Content-Type: application/json; charset=utf-8
host: localhost:64665
accept: */*

Response DefaultHttpResponse(decodeResult: success, version: HTTP/1.1)
HTTP/1.1 200 OK
Content-Type: application/json; charset=utf-8
cache-control: no-cache
content-length: 14

13:18:40.393 [AsyncHttpClient-1-3] DEBUG o.a.netty.channel.ChannelManager - Adding key: http://localhost:64665 for channel [id: 0x24fd21bb, L:/127.0.0.1:59313 - R:localhost/127.0.0.1:64665]
13:18:40.395 [Forwarding findElement on session cefd15cce33e49a7ed6023295c391940 to remote] DEBUG o.a.netty.request.NettyRequestSender - Using pooled Channel '[id: 0x24fd21bb, L:/127.0.0.1:59313 - R:localhost/127.0.0.1:64665]' for 'POST' to 'http://localhost:64665/session/cefd15cce33e49a7ed6023295c391940/element'
13:18:40.395 [Forwarding findElement on session cefd15cce33e49a7ed6023295c391940 to remote] DEBUG o.a.netty.request.NettyRequestSender - Using open Channel [id: 0x24fd21bb, L:/127.0.0.1:59313 - R:localhost/127.0.0.1:64665] for POST '/session/cefd15cce33e49a7ed6023295c391940/element'
13:18:40.404 [AsyncHttpClient-1-3] DEBUG o.a.netty.handler.HttpHandler - 

Request DefaultHttpRequest(decodeResult: success, version: HTTP/1.1)
POST /session/cefd15cce33e49a7ed6023295c391940/element HTTP/1.1
User-Agent: selenium/4.1.1 (java windows)
Content-Length: 71
Content-Type: application/json; charset=utf-8
host: localhost:64665
accept: */*

Response DefaultHttpResponse(decodeResult: success, version: HTTP/1.1)
HTTP/1.1 200 OK
Content-Type: application/json; charset=utf-8
cache-control: no-cache
content-length: 88

13:18:40.404 [AsyncHttpClient-1-3] DEBUG o.a.netty.channel.ChannelManager - Adding key: http://localhost:64665 for channel [id: 0x24fd21bb, L:/127.0.0.1:59313 - R:localhost/127.0.0.1:64665]
13:18:40.409 [Forwarding findChildElement on session cefd15cce33e49a7ed6023295c391940 to remote] DEBUG o.a.netty.request.NettyRequestSender - Using pooled Channel '[id: 0x24fd21bb, L:/127.0.0.1:59313 - R:localhost/127.0.0.1:64665]' for 'POST' to 'http://localhost:64665/session/cefd15cce33e49a7ed6023295c391940/element/117142c3-004e-46cb-8b12-f4d68c6dd303/element'
13:18:40.410 [Forwarding findChildElement on session cefd15cce33e49a7ed6023295c391940 to remote] DEBUG o.a.netty.request.NettyRequestSender - Using open Channel [id: 0x24fd21bb, L:/127.0.0.1:59313 - R:localhost/127.0.0.1:64665] for POST '/session/cefd15cce33e49a7ed6023295c391940/element/117142c3-004e-46cb-8b12-f4d68c6dd303/element'
13:18:40.419 [AsyncHttpClient-1-3] DEBUG o.a.netty.handler.HttpHandler - 

Request DefaultHttpRequest(decodeResult: success, version: HTTP/1.1)
POST /session/cefd15cce33e49a7ed6023295c391940/element/117142c3-004e-46cb-8b12-f4d68c6dd303/element HTTP/1.1
User-Agent: selenium/4.1.1 (java windows)
Content-Length: 140
Content-Type: application/json; charset=utf-8
host: localhost:64665
accept: */*

Response DefaultHttpResponse(decodeResult: success, version: HTTP/1.1)
HTTP/1.1 200 OK
Content-Type: application/json; charset=utf-8
cache-control: no-cache
content-length: 88

13:18:40.419 [AsyncHttpClient-1-3] DEBUG o.a.netty.channel.ChannelManager - Adding key: http://localhost:64665 for channel [id: 0x24fd21bb, L:/127.0.0.1:59313 - R:localhost/127.0.0.1:64665]
13:18:40.536 [Forwarding sendKeysToElement on session cefd15cce33e49a7ed6023295c391940 to remote] DEBUG o.a.netty.request.NettyRequestSender - Using pooled Channel '[id: 0x24fd21bb, L:/127.0.0.1:59313 - R:localhost/127.0.0.1:64665]' for 'POST' to 'http://localhost:64665/session/cefd15cce33e49a7ed6023295c391940/element/00a19100-062b-42f2-9ffe-583f787eee25/value'
13:18:40.536 [Forwarding sendKeysToElement on session cefd15cce33e49a7ed6023295c391940 to remote] DEBUG o.a.netty.request.NettyRequestSender - Using open Channel [id: 0x24fd21bb, L:/127.0.0.1:59313 - R:localhost/127.0.0.1:64665] for POST '/session/cefd15cce33e49a7ed6023295c391940/element/00a19100-062b-42f2-9ffe-583f787eee25/value'
13:18:41.016 [AsyncHttpClient-1-1] DEBUG o.a.netty.channel.DefaultChannelPool - Entry count for : http://localhost:59321 : 1
13:18:42.116 [AsyncHttpClient-1-1] DEBUG o.a.netty.channel.DefaultChannelPool - Entry count for : http://localhost:59321 : 1
13:18:43.215 [AsyncHttpClient-1-1] DEBUG o.a.netty.channel.DefaultChannelPool - Entry count for : http://localhost:59321 : 1
13:18:44.326 [AsyncHttpClient-1-1] DEBUG o.a.netty.channel.DefaultChannelPool - Entry count for : http://localhost:59321 : 1
13:18:45.416 [AsyncHttpClient-1-1] DEBUG o.a.netty.channel.DefaultChannelPool - Entry count for : http://localhost:59321 : 1
13:18:46.516 [AsyncHttpClient-1-1] DEBUG o.a.netty.channel.DefaultChannelPool - Entry count for : http://localhost:59321 : 1
13:18:47.576 [AsyncHttpClient-1-2] DEBUG o.a.netty.handler.HttpHandler - 

Request DefaultHttpRequest(decodeResult: success, version: HTTP/1.1)
POST /session HTTP/1.1
User-Agent: selenium/4.1.1 (java windows)
Content-Length: 381
Content-Type: application/json; charset=utf-8
host: localhost:57352
accept: */*

Response DefaultHttpResponse(decodeResult: success, version: HTTP/1.1)
HTTP/1.1 200 OK
content-type: application/json; charset=utf-8
cache-control: no-cache
date: Sat, 12 Mar 2022 06:18:04 GMT
content-length: 761

13:18:47.576 [AsyncHttpClient-1-2] DEBUG o.a.netty.channel.ChannelManager - Adding key: http://localhost:57352 for channel [id: 0x0c524cbf, L:/127.0.0.1:59314 - R:localhost/127.0.0.1:57352]
13:18:47.604 [AsyncHttpClient-1-6] DEBUG o.a.n.channel.NettyConnectListener - Using new Channel '[id: 0x288402e5, L:/127.0.0.1:59453 - R:localhost/127.0.0.1:58852]' for 'GET' to '/json/version'
13:18:47.616 [AsyncHttpClient-1-1] DEBUG o.a.netty.channel.DefaultChannelPool - Entry count for : http://localhost:59321 : 1
13:18:47.616 [AsyncHttpClient-1-1] DEBUG o.a.netty.channel.DefaultChannelPool - Entry count for : http://localhost:57352 : 1
13:18:47.653 [AsyncHttpClient-1-6] DEBUG o.a.netty.handler.HttpHandler - 

Request DefaultFullHttpRequest(decodeResult: success, version: HTTP/1.1, content: EmptyByteBufBE)
GET /json/version HTTP/1.1
User-Agent: selenium/4.1.1 (java windows)
host: localhost:58852
accept: */*

Response DefaultHttpResponse(decodeResult: success, version: HTTP/1.1)
HTTP/1.1 200 OK
content-type: application/json
connection: close
server: httpd.js
date: Sat, 12 Mar 2022 06:18:47 GMT
content-length: 306

13:18:47.653 [AsyncHttpClient-1-6] DEBUG o.a.netty.channel.ChannelManager - Closing Channel [id: 0x288402e5, L:/127.0.0.1:59453 - R:localhost/127.0.0.1:58852] 
13:18:47.655 [AsyncHttpClient-1-6] DEBUG o.a.netty.handler.HttpHandler - Channel Closed: [id: 0x288402e5, L:/127.0.0.1:59453 ! R:localhost/127.0.0.1:58852] with attribute DISCARD
13:18:47.659 [Forwarding get on session 146fcf84-1e7c-4759-877a-8c45f91d8d46 to remote] DEBUG o.a.netty.request.NettyRequestSender - Using pooled Channel '[id: 0x0c524cbf, L:/127.0.0.1:59314 - R:localhost/127.0.0.1:57352]' for 'POST' to 'http://localhost:57352/session/146fcf84-1e7c-4759-877a-8c45f91d8d46/url'
13:18:47.659 [Forwarding get on session 146fcf84-1e7c-4759-877a-8c45f91d8d46 to remote] DEBUG o.a.netty.request.NettyRequestSender - Using open Channel [id: 0x0c524cbf, L:/127.0.0.1:59314 - R:localhost/127.0.0.1:57352] for POST '/session/146fcf84-1e7c-4759-877a-8c45f91d8d46/url'
13:18:48.715 [AsyncHttpClient-1-1] DEBUG o.a.netty.channel.DefaultChannelPool - Entry count for : http://localhost:59321 : 1
13:18:49.816 [AsyncHttpClient-1-1] DEBUG o.a.netty.channel.DefaultChannelPool - Entry count for : http://localhost:59321 : 1
13:18:50.915 [AsyncHttpClient-1-1] DEBUG o.a.netty.channel.DefaultChannelPool - Entry count for : http://localhost:59321 : 1
13:18:52.016 [AsyncHttpClient-1-1] DEBUG o.a.netty.channel.DefaultChannelPool - Entry count for : http://localhost:59321 : 1
13:18:53.123 [AsyncHttpClient-1-1] DEBUG o.a.netty.channel.DefaultChannelPool - Entry count for : http://localhost:59321 : 1
13:18:54.215 [AsyncHttpClient-1-1] DEBUG o.a.netty.channel.DefaultChannelPool - Entry count for : http://localhost:59321 : 1
13:18:55.315 [AsyncHttpClient-1-1] DEBUG o.a.netty.channel.DefaultChannelPool - Entry count for : http://localhost:59321 : 1
13:18:56.416 [AsyncHttpClient-1-1] DEBUG o.a.netty.channel.DefaultChannelPool - Entry count for : http://localhost:59321 : 1
13:18:57.516 [AsyncHttpClient-1-1] DEBUG o.a.netty.channel.DefaultChannelPool - Entry count for : http://localhost:59321 : 1
13:18:58.616 [AsyncHttpClient-1-1] DEBUG o.a.netty.channel.DefaultChannelPool - Entry count for : http://localhost:59321 : 1
13:18:59.716 [AsyncHttpClient-1-1] DEBUG o.a.netty.channel.DefaultChannelPool - Entry count for : http://localhost:59321 : 1
13:19:00.816 [AsyncHttpClient-1-1] DEBUG o.a.netty.channel.DefaultChannelPool - Entry count for : http://localhost:59321 : 1
13:19:01.916 [AsyncHttpClient-1-1] DEBUG o.a.netty.channel.DefaultChannelPool - Entry count for : http://localhost:59321 : 1
13:19:03.015 [AsyncHttpClient-1-1] DEBUG o.a.netty.channel.DefaultChannelPool - Entry count for : http://localhost:59321 : 1
13:19:04.116 [AsyncHttpClient-1-1] DEBUG o.a.netty.channel.DefaultChannelPool - Entry count for : http://localhost:59321 : 1
13:19:05.216 [AsyncHttpClient-1-1] DEBUG o.a.netty.channel.DefaultChannelPool - Entry count for : http://localhost:59321 : 1
13:19:06.316 [AsyncHttpClient-1-1] DEBUG o.a.netty.channel.DefaultChannelPool - Entry count for : http://localhost:59321 : 1
13:19:07.415 [AsyncHttpClient-1-1] DEBUG o.a.netty.channel.DefaultChannelPool - Entry count for : http://localhost:59321 : 1
13:19:08.515 [AsyncHttpClient-1-1] DEBUG o.a.netty.channel.DefaultChannelPool - Entry count for : http://localhost:59321 : 1
13:19:09.615 [AsyncHttpClient-1-1] DEBUG o.a.netty.channel.DefaultChannelPool - Entry count for : http://localhost:59321 : 1
13:19:10.330 [AsyncHttpClient-1-2] DEBUG o.a.netty.handler.HttpHandler - 

Request DefaultHttpRequest(decodeResult: success, version: HTTP/1.1)
POST /session/146fcf84-1e7c-4759-877a-8c45f91d8d46/url HTTP/1.1
User-Agent: selenium/4.1.1 (java windows)
Content-Length: 51
Content-Type: application/json; charset=utf-8
host: localhost:57352
accept: */*

Response DefaultHttpResponse(decodeResult: success, version: HTTP/1.1)
HTTP/1.1 200 OK
content-type: application/json; charset=utf-8
cache-control: no-cache
date: Sat, 12 Mar 2022 06:18:47 GMT
content-length: 14

13:19:10.331 [AsyncHttpClient-1-2] DEBUG o.a.netty.channel.ChannelManager - Adding key: http://localhost:57352 for channel [id: 0x0c524cbf, L:/127.0.0.1:59314 - R:localhost/127.0.0.1:57352]
13:19:10.335 [Forwarding maximizeCurrentWindow on session 146fcf84-1e7c-4759-877a-8c45f91d8d46 to remote] DEBUG o.a.netty.request.NettyRequestSender - Using pooled Channel '[id: 0x0c524cbf, L:/127.0.0.1:59314 - R:localhost/127.0.0.1:57352]' for 'POST' to 'http://localhost:57352/session/146fcf84-1e7c-4759-877a-8c45f91d8d46/window/maximize'
13:19:10.335 [Forwarding maximizeCurrentWindow on session 146fcf84-1e7c-4759-877a-8c45f91d8d46 to remote] DEBUG o.a.netty.request.NettyRequestSender - Using open Channel [id: 0x0c524cbf, L:/127.0.0.1:59314 - R:localhost/127.0.0.1:57352] for POST '/session/146fcf84-1e7c-4759-877a-8c45f91d8d46/window/maximize'
13:19:10.399 [AsyncHttpClient-1-2] DEBUG o.a.netty.handler.HttpHandler - 

Request DefaultHttpRequest(decodeResult: success, version: HTTP/1.1)
POST /session/146fcf84-1e7c-4759-877a-8c45f91d8d46/window/maximize HTTP/1.1
User-Agent: selenium/4.1.1 (java windows)
Content-Length: 3
Content-Type: application/json; charset=utf-8
host: localhost:57352
accept: */*

Response DefaultHttpResponse(decodeResult: success, version: HTTP/1.1)
HTTP/1.1 200 OK
content-type: application/json; charset=utf-8
cache-control: no-cache
date: Sat, 12 Mar 2022 06:19:10 GMT
content-length: 51

13:19:10.400 [AsyncHttpClient-1-2] DEBUG o.a.netty.channel.ChannelManager - Adding key: http://localhost:57352 for channel [id: 0x0c524cbf, L:/127.0.0.1:59314 - R:localhost/127.0.0.1:57352]
13:19:10.402 [Forwarding getCurrentWindowHandle on session 146fcf84-1e7c-4759-877a-8c45f91d8d46 to remote] DEBUG o.a.netty.request.NettyRequestSender - Using pooled Channel '[id: 0x0c524cbf, L:/127.0.0.1:59314 - R:localhost/127.0.0.1:57352]' for 'GET' to 'http://localhost:57352/session/146fcf84-1e7c-4759-877a-8c45f91d8d46/window'
13:19:10.402 [Forwarding getCurrentWindowHandle on session 146fcf84-1e7c-4759-877a-8c45f91d8d46 to remote] DEBUG o.a.netty.request.NettyRequestSender - Using open Channel [id: 0x0c524cbf, L:/127.0.0.1:59314 - R:localhost/127.0.0.1:57352] for GET '/session/146fcf84-1e7c-4759-877a-8c45f91d8d46/window'
13:19:10.412 [AsyncHttpClient-1-2] DEBUG o.a.netty.handler.HttpHandler - 

Request DefaultFullHttpRequest(decodeResult: success, version: HTTP/1.1, content: EmptyByteBufBE)
GET /session/146fcf84-1e7c-4759-877a-8c45f91d8d46/window HTTP/1.1
User-Agent: selenium/4.1.1 (java windows)
Cache-Control: no-cache
Content-Type: application/json; charset=utf-8
host: localhost:57352
accept: */*

Response DefaultHttpResponse(decodeResult: success, version: HTTP/1.1)
HTTP/1.1 200 OK
content-type: application/json; charset=utf-8
cache-control: no-cache
date: Sat, 12 Mar 2022 06:19:10 GMT
content-length: 48

13:19:10.413 [AsyncHttpClient-1-2] DEBUG o.a.netty.channel.ChannelManager - Adding key: http://localhost:57352 for channel [id: 0x0c524cbf, L:/127.0.0.1:59314 - R:localhost/127.0.0.1:57352]
13:19:10.416 [Forwarding getWindowHandles on session 146fcf84-1e7c-4759-877a-8c45f91d8d46 to remote] DEBUG o.a.netty.request.NettyRequestSender - Using pooled Channel '[id: 0x0c524cbf, L:/127.0.0.1:59314 - R:localhost/127.0.0.1:57352]' for 'GET' to 'http://localhost:57352/session/146fcf84-1e7c-4759-877a-8c45f91d8d46/window/handles'
13:19:10.416 [Forwarding getWindowHandles on session 146fcf84-1e7c-4759-877a-8c45f91d8d46 to remote] DEBUG o.a.netty.request.NettyRequestSender - Using open Channel [id: 0x0c524cbf, L:/127.0.0.1:59314 - R:localhost/127.0.0.1:57352] for GET '/session/146fcf84-1e7c-4759-877a-8c45f91d8d46/window/handles'
13:19:10.421 [AsyncHttpClient-1-2] DEBUG o.a.netty.handler.HttpHandler - 

Request DefaultFullHttpRequest(decodeResult: success, version: HTTP/1.1, content: EmptyByteBufBE)
GET /session/146fcf84-1e7c-4759-877a-8c45f91d8d46/window/handles HTTP/1.1
User-Agent: selenium/4.1.1 (java windows)
Cache-Control: no-cache
Content-Type: application/json; charset=utf-8
host: localhost:57352
accept: */*

Response DefaultHttpResponse(decodeResult: success, version: HTTP/1.1)
HTTP/1.1 200 OK
content-type: application/json; charset=utf-8
cache-control: no-cache
date: Sat, 12 Mar 2022 06:19:10 GMT
content-length: 50

13:19:10.421 [AsyncHttpClient-1-2] DEBUG o.a.netty.channel.ChannelManager - Adding key: http://localhost:57352 for channel [id: 0x0c524cbf, L:/127.0.0.1:59314 - R:localhost/127.0.0.1:57352]
13:19:10.424 [Forwarding switchToWindow on session 146fcf84-1e7c-4759-877a-8c45f91d8d46 to remote] DEBUG o.a.netty.request.NettyRequestSender - Using pooled Channel '[id: 0x0c524cbf, L:/127.0.0.1:59314 - R:localhost/127.0.0.1:57352]' for 'POST' to 'http://localhost:57352/session/146fcf84-1e7c-4759-877a-8c45f91d8d46/window'
13:19:10.424 [Forwarding switchToWindow on session 146fcf84-1e7c-4759-877a-8c45f91d8d46 to remote] DEBUG o.a.netty.request.NettyRequestSender - Using open Channel [id: 0x0c524cbf, L:/127.0.0.1:59314 - R:localhost/127.0.0.1:57352] for POST '/session/146fcf84-1e7c-4759-877a-8c45f91d8d46/window'
13:19:10.569 [AsyncHttpClient-1-2] DEBUG o.a.netty.handler.HttpHandler - 

Request DefaultHttpRequest(decodeResult: success, version: HTTP/1.1)
POST /session/146fcf84-1e7c-4759-877a-8c45f91d8d46/window HTTP/1.1
User-Agent: selenium/4.1.1 (java windows)
Content-Length: 54
Content-Type: application/json; charset=utf-8
host: localhost:57352
accept: */*

Response DefaultHttpResponse(decodeResult: success, version: HTTP/1.1)
HTTP/1.1 200 OK
content-type: application/json; charset=utf-8
cache-control: no-cache
date: Sat, 12 Mar 2022 06:19:10 GMT
content-length: 14

13:19:10.569 [AsyncHttpClient-1-2] DEBUG o.a.netty.channel.ChannelManager - Adding key: http://localhost:57352 for channel [id: 0x0c524cbf, L:/127.0.0.1:59314 - R:localhost/127.0.0.1:57352]
13:19:10.572 [Forwarding getCurrentWindowHandle on session 146fcf84-1e7c-4759-877a-8c45f91d8d46 to remote] DEBUG o.a.netty.request.NettyRequestSender - Using pooled Channel '[id: 0x0c524cbf, L:/127.0.0.1:59314 - R:localhost/127.0.0.1:57352]' for 'GET' to 'http://localhost:57352/session/146fcf84-1e7c-4759-877a-8c45f91d8d46/window'
13:19:10.572 [Forwarding getCurrentWindowHandle on session 146fcf84-1e7c-4759-877a-8c45f91d8d46 to remote] DEBUG o.a.netty.request.NettyRequestSender - Using open Channel [id: 0x0c524cbf, L:/127.0.0.1:59314 - R:localhost/127.0.0.1:57352] for GET '/session/146fcf84-1e7c-4759-877a-8c45f91d8d46/window'
13:19:10.587 [AsyncHttpClient-1-2] DEBUG o.a.netty.handler.HttpHandler - 

Request DefaultFullHttpRequest(decodeResult: success, version: HTTP/1.1, content: EmptyByteBufBE)
GET /session/146fcf84-1e7c-4759-877a-8c45f91d8d46/window HTTP/1.1
User-Agent: selenium/4.1.1 (java windows)
Cache-Control: no-cache
Content-Type: application/json; charset=utf-8
host: localhost:57352
accept: */*

Response DefaultHttpResponse(decodeResult: success, version: HTTP/1.1)
HTTP/1.1 200 OK
content-type: application/json; charset=utf-8
cache-control: no-cache
date: Sat, 12 Mar 2022 06:19:10 GMT
content-length: 48

13:19:10.588 [AsyncHttpClient-1-2] DEBUG o.a.netty.channel.ChannelManager - Adding key: http://localhost:57352 for channel [id: 0x0c524cbf, L:/127.0.0.1:59314 - R:localhost/127.0.0.1:57352]
13:19:10.589 [Forwarding getCurrentWindowHandle on session 146fcf84-1e7c-4759-877a-8c45f91d8d46 to remote] DEBUG o.a.netty.request.NettyRequestSender - Using pooled Channel '[id: 0x0c524cbf, L:/127.0.0.1:59314 - R:localhost/127.0.0.1:57352]' for 'GET' to 'http://localhost:57352/session/146fcf84-1e7c-4759-877a-8c45f91d8d46/window'
13:19:10.589 [Forwarding getCurrentWindowHandle on session 146fcf84-1e7c-4759-877a-8c45f91d8d46 to remote] DEBUG o.a.netty.request.NettyRequestSender - Using open Channel [id: 0x0c524cbf, L:/127.0.0.1:59314 - R:localhost/127.0.0.1:57352] for GET '/session/146fcf84-1e7c-4759-877a-8c45f91d8d46/window'
13:19:10.605 [AsyncHttpClient-1-2] DEBUG o.a.netty.handler.HttpHandler - 

Request DefaultFullHttpRequest(decodeResult: success, version: HTTP/1.1, content: EmptyByteBufBE)
GET /session/146fcf84-1e7c-4759-877a-8c45f91d8d46/window HTTP/1.1
User-Agent: selenium/4.1.1 (java windows)
Cache-Control: no-cache
Content-Type: application/json; charset=utf-8
host: localhost:57352
accept: */*

Response DefaultHttpResponse(decodeResult: success, version: HTTP/1.1)
HTTP/1.1 200 OK
content-type: application/json; charset=utf-8
cache-control: no-cache
date: Sat, 12 Mar 2022 06:19:10 GMT
content-length: 48

13:19:10.606 [AsyncHttpClient-1-2] DEBUG o.a.netty.channel.ChannelManager - Adding key: http://localhost:57352 for channel [id: 0x0c524cbf, L:/127.0.0.1:59314 - R:localhost/127.0.0.1:57352]
13:19:10.608 [Forwarding getWindowHandles on session 146fcf84-1e7c-4759-877a-8c45f91d8d46 to remote] DEBUG o.a.netty.request.NettyRequestSender - Using pooled Channel '[id: 0x0c524cbf, L:/127.0.0.1:59314 - R:localhost/127.0.0.1:57352]' for 'GET' to 'http://localhost:57352/session/146fcf84-1e7c-4759-877a-8c45f91d8d46/window/handles'
13:19:10.609 [Forwarding getWindowHandles on session 146fcf84-1e7c-4759-877a-8c45f91d8d46 to remote] DEBUG o.a.netty.request.NettyRequestSender - Using open Channel [id: 0x0c524cbf, L:/127.0.0.1:59314 - R:localhost/127.0.0.1:57352] for GET '/session/146fcf84-1e7c-4759-877a-8c45f91d8d46/window/handles'
13:19:10.614 [AsyncHttpClient-1-2] DEBUG o.a.netty.handler.HttpHandler - 

Request DefaultFullHttpRequest(decodeResult: success, version: HTTP/1.1, content: EmptyByteBufBE)
GET /session/146fcf84-1e7c-4759-877a-8c45f91d8d46/window/handles HTTP/1.1
User-Agent: selenium/4.1.1 (java windows)
Cache-Control: no-cache
Content-Type: application/json; charset=utf-8
host: localhost:57352
accept: */*

Response DefaultHttpResponse(decodeResult: success, version: HTTP/1.1)
HTTP/1.1 200 OK
content-type: application/json; charset=utf-8
cache-control: no-cache
date: Sat, 12 Mar 2022 06:19:10 GMT
content-length: 50

13:19:10.615 [AsyncHttpClient-1-2] DEBUG o.a.netty.channel.ChannelManager - Adding key: http://localhost:57352 for channel [id: 0x0c524cbf, L:/127.0.0.1:59314 - R:localhost/127.0.0.1:57352]
13:19:10.625 [Forwarding switchToWindow on session 146fcf84-1e7c-4759-877a-8c45f91d8d46 to remote] DEBUG o.a.netty.request.NettyRequestSender - Using pooled Channel '[id: 0x0c524cbf, L:/127.0.0.1:59314 - R:localhost/127.0.0.1:57352]' for 'POST' to 'http://localhost:57352/session/146fcf84-1e7c-4759-877a-8c45f91d8d46/window'
13:19:10.625 [Forwarding switchToWindow on session 146fcf84-1e7c-4759-877a-8c45f91d8d46 to remote] DEBUG o.a.netty.request.NettyRequestSender - Using open Channel [id: 0x0c524cbf, L:/127.0.0.1:59314 - R:localhost/127.0.0.1:57352] for POST '/session/146fcf84-1e7c-4759-877a-8c45f91d8d46/window'
13:19:10.706 [AsyncHttpClient-1-2] DEBUG o.a.netty.handler.HttpHandler - 

Request DefaultHttpRequest(decodeResult: success, version: HTTP/1.1)
POST /session/146fcf84-1e7c-4759-877a-8c45f91d8d46/window HTTP/1.1
User-Agent: selenium/4.1.1 (java windows)
Content-Length: 54
Content-Type: application/json; charset=utf-8
host: localhost:57352
accept: */*

Response DefaultHttpResponse(decodeResult: success, version: HTTP/1.1)
HTTP/1.1 200 OK
content-type: application/json; charset=utf-8
cache-control: no-cache
date: Sat, 12 Mar 2022 06:19:10 GMT
content-length: 14

13:19:10.706 [AsyncHttpClient-1-2] DEBUG o.a.netty.channel.ChannelManager - Adding key: http://localhost:57352 for channel [id: 0x0c524cbf, L:/127.0.0.1:59314 - R:localhost/127.0.0.1:57352]
13:19:10.708 [Forwarding getCurrentWindowHandle on session 146fcf84-1e7c-4759-877a-8c45f91d8d46 to remote] DEBUG o.a.netty.request.NettyRequestSender - Using pooled Channel '[id: 0x0c524cbf, L:/127.0.0.1:59314 - R:localhost/127.0.0.1:57352]' for 'GET' to 'http://localhost:57352/session/146fcf84-1e7c-4759-877a-8c45f91d8d46/window'
13:19:10.708 [Forwarding getCurrentWindowHandle on session 146fcf84-1e7c-4759-877a-8c45f91d8d46 to remote] DEBUG o.a.netty.request.NettyRequestSender - Using open Channel [id: 0x0c524cbf, L:/127.0.0.1:59314 - R:localhost/127.0.0.1:57352] for GET '/session/146fcf84-1e7c-4759-877a-8c45f91d8d46/window'
13:19:10.715 [AsyncHttpClient-1-1] DEBUG o.a.netty.channel.DefaultChannelPool - Entry count for : http://localhost:59321 : 1
13:19:10.767 [AsyncHttpClient-1-2] DEBUG o.a.netty.handler.HttpHandler - 

Request DefaultFullHttpRequest(decodeResult: success, version: HTTP/1.1, content: EmptyByteBufBE)
GET /session/146fcf84-1e7c-4759-877a-8c45f91d8d46/window HTTP/1.1
User-Agent: selenium/4.1.1 (java windows)
Cache-Control: no-cache
Content-Type: application/json; charset=utf-8
host: localhost:57352
accept: */*

Response DefaultHttpResponse(decodeResult: success, version: HTTP/1.1)
HTTP/1.1 200 OK
content-type: application/json; charset=utf-8
cache-control: no-cache
date: Sat, 12 Mar 2022 06:19:10 GMT
content-length: 48

13:19:10.768 [AsyncHttpClient-1-2] DEBUG o.a.netty.channel.ChannelManager - Adding key: http://localhost:57352 for channel [id: 0x0c524cbf, L:/127.0.0.1:59314 - R:localhost/127.0.0.1:57352]
13:19:10.771 [Forwarding getCurrentWindowHandle on session 146fcf84-1e7c-4759-877a-8c45f91d8d46 to remote] DEBUG o.a.netty.request.NettyRequestSender - Using pooled Channel '[id: 0x0c524cbf, L:/127.0.0.1:59314 - R:localhost/127.0.0.1:57352]' for 'GET' to 'http://localhost:57352/session/146fcf84-1e7c-4759-877a-8c45f91d8d46/window'
13:19:10.771 [Forwarding getCurrentWindowHandle on session 146fcf84-1e7c-4759-877a-8c45f91d8d46 to remote] DEBUG o.a.netty.request.NettyRequestSender - Using open Channel [id: 0x0c524cbf, L:/127.0.0.1:59314 - R:localhost/127.0.0.1:57352] for GET '/session/146fcf84-1e7c-4759-877a-8c45f91d8d46/window'
13:19:10.795 [AsyncHttpClient-1-2] DEBUG o.a.netty.handler.HttpHandler - 

Request DefaultFullHttpRequest(decodeResult: success, version: HTTP/1.1, content: EmptyByteBufBE)
GET /session/146fcf84-1e7c-4759-877a-8c45f91d8d46/window HTTP/1.1
User-Agent: selenium/4.1.1 (java windows)
Cache-Control: no-cache
Content-Type: application/json; charset=utf-8
host: localhost:57352
accept: */*

Response DefaultHttpResponse(decodeResult: success, version: HTTP/1.1)
HTTP/1.1 200 OK
content-type: application/json; charset=utf-8
cache-control: no-cache
date: Sat, 12 Mar 2022 06:19:10 GMT
content-length: 48

13:19:10.796 [AsyncHttpClient-1-2] DEBUG o.a.netty.channel.ChannelManager - Adding key: http://localhost:57352 for channel [id: 0x0c524cbf, L:/127.0.0.1:59314 - R:localhost/127.0.0.1:57352]
13:19:10.801 [Forwarding getWindowHandles on session 146fcf84-1e7c-4759-877a-8c45f91d8d46 to remote] DEBUG o.a.netty.request.NettyRequestSender - Using pooled Channel '[id: 0x0c524cbf, L:/127.0.0.1:59314 - R:localhost/127.0.0.1:57352]' for 'GET' to 'http://localhost:57352/session/146fcf84-1e7c-4759-877a-8c45f91d8d46/window/handles'
13:19:10.801 [Forwarding getWindowHandles on session 146fcf84-1e7c-4759-877a-8c45f91d8d46 to remote] DEBUG o.a.netty.request.NettyRequestSender - Using open Channel [id: 0x0c524cbf, L:/127.0.0.1:59314 - R:localhost/127.0.0.1:57352] for GET '/session/146fcf84-1e7c-4759-877a-8c45f91d8d46/window/handles'
13:19:10.805 [AsyncHttpClient-1-2] DEBUG o.a.netty.handler.HttpHandler - 

Request DefaultFullHttpRequest(decodeResult: success, version: HTTP/1.1, content: EmptyByteBufBE)
GET /session/146fcf84-1e7c-4759-877a-8c45f91d8d46/window/handles HTTP/1.1
User-Agent: selenium/4.1.1 (java windows)
Cache-Control: no-cache
Content-Type: application/json; charset=utf-8
host: localhost:57352
accept: */*

Response DefaultHttpResponse(decodeResult: success, version: HTTP/1.1)
HTTP/1.1 200 OK
content-type: application/json; charset=utf-8
cache-control: no-cache
date: Sat, 12 Mar 2022 06:19:10 GMT
content-length: 50

13:19:10.805 [AsyncHttpClient-1-2] DEBUG o.a.netty.channel.ChannelManager - Adding key: http://localhost:57352 for channel [id: 0x0c524cbf, L:/127.0.0.1:59314 - R:localhost/127.0.0.1:57352]
13:19:10.808 [Forwarding switchToWindow on session 146fcf84-1e7c-4759-877a-8c45f91d8d46 to remote] DEBUG o.a.netty.request.NettyRequestSender - Using pooled Channel '[id: 0x0c524cbf, L:/127.0.0.1:59314 - R:localhost/127.0.0.1:57352]' for 'POST' to 'http://localhost:57352/session/146fcf84-1e7c-4759-877a-8c45f91d8d46/window'
13:19:10.808 [Forwarding switchToWindow on session 146fcf84-1e7c-4759-877a-8c45f91d8d46 to remote] DEBUG o.a.netty.request.NettyRequestSender - Using open Channel [id: 0x0c524cbf, L:/127.0.0.1:59314 - R:localhost/127.0.0.1:57352] for POST '/session/146fcf84-1e7c-4759-877a-8c45f91d8d46/window'
13:19:10.816 [AsyncHttpClient-1-2] DEBUG o.a.netty.handler.HttpHandler - 

Request DefaultHttpRequest(decodeResult: success, version: HTTP/1.1)
POST /session/146fcf84-1e7c-4759-877a-8c45f91d8d46/window HTTP/1.1
User-Agent: selenium/4.1.1 (java windows)
Content-Length: 54
Content-Type: application/json; charset=utf-8
host: localhost:57352
accept: */*

Response DefaultHttpResponse(decodeResult: success, version: HTTP/1.1)
HTTP/1.1 200 OK
content-type: application/json; charset=utf-8
cache-control: no-cache
date: Sat, 12 Mar 2022 06:19:10 GMT
content-length: 14

13:19:10.818 [AsyncHttpClient-1-2] DEBUG o.a.netty.channel.ChannelManager - Adding key: http://localhost:57352 for channel [id: 0x0c524cbf, L:/127.0.0.1:59314 - R:localhost/127.0.0.1:57352]
13:19:10.820 [Forwarding getCurrentWindowHandle on session 146fcf84-1e7c-4759-877a-8c45f91d8d46 to remote] DEBUG o.a.netty.request.NettyRequestSender - Using pooled Channel '[id: 0x0c524cbf, L:/127.0.0.1:59314 - R:localhost/127.0.0.1:57352]' for 'GET' to 'http://localhost:57352/session/146fcf84-1e7c-4759-877a-8c45f91d8d46/window'
13:19:10.820 [Forwarding getCurrentWindowHandle on session 146fcf84-1e7c-4759-877a-8c45f91d8d46 to remote] DEBUG o.a.netty.request.NettyRequestSender - Using open Channel [id: 0x0c524cbf, L:/127.0.0.1:59314 - R:localhost/127.0.0.1:57352] for GET '/session/146fcf84-1e7c-4759-877a-8c45f91d8d46/window'
13:19:10.824 [AsyncHttpClient-1-2] DEBUG o.a.netty.handler.HttpHandler - 

Request DefaultFullHttpRequest(decodeResult: success, version: HTTP/1.1, content: EmptyByteBufBE)
GET /session/146fcf84-1e7c-4759-877a-8c45f91d8d46/window HTTP/1.1
User-Agent: selenium/4.1.1 (java windows)
Cache-Control: no-cache
Content-Type: application/json; charset=utf-8
host: localhost:57352
accept: */*

Response DefaultHttpResponse(decodeResult: success, version: HTTP/1.1)
HTTP/1.1 200 OK
content-type: application/json; charset=utf-8
cache-control: no-cache
date: Sat, 12 Mar 2022 06:19:10 GMT
content-length: 48

13:19:10.824 [AsyncHttpClient-1-2] DEBUG o.a.netty.channel.ChannelManager - Adding key: http://localhost:57352 for channel [id: 0x0c524cbf, L:/127.0.0.1:59314 - R:localhost/127.0.0.1:57352]
13:19:10.826 [Forwarding getCurrentWindowHandle on session 146fcf84-1e7c-4759-877a-8c45f91d8d46 to remote] DEBUG o.a.netty.request.NettyRequestSender - Using pooled Channel '[id: 0x0c524cbf, L:/127.0.0.1:59314 - R:localhost/127.0.0.1:57352]' for 'GET' to 'http://localhost:57352/session/146fcf84-1e7c-4759-877a-8c45f91d8d46/window'
13:19:10.827 [Forwarding getCurrentWindowHandle on session 146fcf84-1e7c-4759-877a-8c45f91d8d46 to remote] DEBUG o.a.netty.request.NettyRequestSender - Using open Channel [id: 0x0c524cbf, L:/127.0.0.1:59314 - R:localhost/127.0.0.1:57352] for GET '/session/146fcf84-1e7c-4759-877a-8c45f91d8d46/window'
13:19:11.025 [AsyncHttpClient-1-2] DEBUG o.a.netty.handler.HttpHandler - 

Request DefaultFullHttpRequest(decodeResult: success, version: HTTP/1.1, content: EmptyByteBufBE)
GET /session/146fcf84-1e7c-4759-877a-8c45f91d8d46/window HTTP/1.1
User-Agent: selenium/4.1.1 (java windows)
Cache-Control: no-cache
Content-Type: application/json; charset=utf-8
host: localhost:57352
accept: */*

Response DefaultHttpResponse(decodeResult: success, version: HTTP/1.1)
HTTP/1.1 200 OK
content-type: application/json; charset=utf-8
cache-control: no-cache
date: Sat, 12 Mar 2022 06:19:10 GMT
content-length: 48

13:19:11.026 [AsyncHttpClient-1-2] DEBUG o.a.netty.channel.ChannelManager - Adding key: http://localhost:57352 for channel [id: 0x0c524cbf, L:/127.0.0.1:59314 - R:localhost/127.0.0.1:57352]
13:19:11.032 [Forwarding getWindowHandles on session 146fcf84-1e7c-4759-877a-8c45f91d8d46 to remote] DEBUG o.a.netty.request.NettyRequestSender - Using pooled Channel '[id: 0x0c524cbf, L:/127.0.0.1:59314 - R:localhost/127.0.0.1:57352]' for 'GET' to 'http://localhost:57352/session/146fcf84-1e7c-4759-877a-8c45f91d8d46/window/handles'
13:19:11.032 [Forwarding getWindowHandles on session 146fcf84-1e7c-4759-877a-8c45f91d8d46 to remote] DEBUG o.a.netty.request.NettyRequestSender - Using open Channel [id: 0x0c524cbf, L:/127.0.0.1:59314 - R:localhost/127.0.0.1:57352] for GET '/session/146fcf84-1e7c-4759-877a-8c45f91d8d46/window/handles'
13:19:11.053 [AsyncHttpClient-1-2] DEBUG o.a.netty.handler.HttpHandler - 

Request DefaultFullHttpRequest(decodeResult: success, version: HTTP/1.1, content: EmptyByteBufBE)
GET /session/146fcf84-1e7c-4759-877a-8c45f91d8d46/window/handles HTTP/1.1
User-Agent: selenium/4.1.1 (java windows)
Cache-Control: no-cache
[...]
13:19:34.203 [AsyncHttpClient-1-7] DEBUG o.a.netty.handler.HttpHandler - 

Request DefaultHttpRequest(decodeResult: success, version: HTTP/1.1)
POST /session/146fcf84-1e7c-4759-877a-8c45f91d8d46/element/47418ce6-f927-422c-a2bd-eef43d0d811e/element HTTP/1.1
User-Agent: selenium/4.1.1 (java windows)
Content-Length: 140
Content-Type: application/json; charset=utf-8
host: localhost:57352
accept: */*

Response DefaultHttpResponse(decodeResult: success, version: HTTP/1.1)
HTTP/1.1 200 OK
content-type: application/json; charset=utf-8
cache-control: no-cache
date: Sat, 12 Mar 2022 06:19:34 GMT
content-length: 88

13:19:34.203 [AsyncHttpClient-1-7] DEBUG o.a.netty.channel.ChannelManager - Adding key: http://localhost:57352 for channel [id: 0x7f27a80d, L:/127.0.0.1:59526 - R:localhost/127.0.0.1:57352]
13:19:34.211 [Forwarding sendKeysToElement on session 146fcf84-1e7c-4759-877a-8c45f91d8d46 to remote] DEBUG o.a.netty.request.NettyRequestSender - Using pooled Channel '[id: 0x7f27a80d, L:/127.0.0.1:59526 - R:localhost/127.0.0.1:57352]' for 'POST' to 'http://localhost:57352/session/146fcf84-1e7c-4759-877a-8c45f91d8d46/element/ab82cb41-7a41-4328-90da-1c55717f48e6/value'
13:19:34.211 [Forwarding sendKeysToElement on session 146fcf84-1e7c-4759-877a-8c45f91d8d46 to remote] DEBUG o.a.netty.request.NettyRequestSender - Using open Channel [id: 0x7f27a80d, L:/127.0.0.1:59526 - R:localhost/127.0.0.1:57352] for POST '/session/146fcf84-1e7c-4759-877a-8c45f91d8d46/element/ab82cb41-7a41-4328-90da-1c55717f48e6/value'
13:19:34.211 [AsyncHttpClient-1-2] DEBUG o.a.netty.handler.HttpHandler - 

Request DefaultHttpRequest(decodeResult: success, version: HTTP/1.1)
POST /session/146fcf84-1e7c-4759-877a-8c45f91d8d46/element/47418ce6-f927-422c-a2bd-eef43d0d811e/element HTTP/1.1
User-Agent: selenium/4.1.1 (java windows)
Content-Length: 140
Content-Type: application/json; charset=utf-8
host: localhost:57352
accept: */*

Response DefaultHttpResponse(decodeResult: success, version: HTTP/1.1)
HTTP/1.1 200 OK
content-type: application/json; charset=utf-8
cache-control: no-cache
date: Sat, 12 Mar 2022 06:19:34 GMT
content-length: 88

13:19:34.211 [AsyncHttpClient-1-2] DEBUG o.a.netty.channel.ChannelManager - Adding key: http://localhost:57352 for channel [id: 0x0c524cbf, L:/127.0.0.1:59314 - R:localhost/127.0.0.1:57352]
13:19:34.219 [Forwarding sendKeysToElement on session 146fcf84-1e7c-4759-877a-8c45f91d8d46 to remote] DEBUG o.a.netty.request.NettyRequestSender - Using pooled Channel '[id: 0x0c524cbf, L:/127.0.0.1:59314 - R:localhost/127.0.0.1:57352]' for 'POST' to 'http://localhost:57352/session/146fcf84-1e7c-4759-877a-8c45f91d8d46/element/ab82cb41-7a41-4328-90da-1c55717f48e6/value'
13:19:34.219 [Forwarding sendKeysToElement on session 146fcf84-1e7c-4759-877a-8c45f91d8d46 to remote] DEBUG o.a.netty.request.NettyRequestSender - Using open Channel [id: 0x0c524cbf, L:/127.0.0.1:59314 - R:localhost/127.0.0.1:57352] for POST '/session/146fcf84-1e7c-4759-877a-8c45f91d8d46/element/ab82cb41-7a41-4328-90da-1c55717f48e6/value'
13:19:34.267 [AsyncHttpClient-1-7] DEBUG o.a.netty.handler.HttpHandler - 

Request DefaultHttpRequest(decodeResult: success, version: HTTP/1.1)
POST /session/146fcf84-1e7c-4759-877a-8c45f91d8d46/element/ab82cb41-7a41-4328-90da-1c55717f48e6/value HTTP/1.1
User-Agent: selenium/4.1.1 (java windows)
Content-Length: 381
Content-Type: application/json; charset=utf-8
host: localhost:57352
accept: */*

Response DefaultHttpResponse(decodeResult: success, version: HTTP/1.1)
HTTP/1.1 200 OK
content-type: application/json; charset=utf-8
cache-control: no-cache
date: Sat, 12 Mar 2022 06:19:34 GMT
content-length: 14

13:19:34.267 [AsyncHttpClient-1-7] DEBUG o.a.netty.channel.ChannelManager - Adding key: http://localhost:57352 for channel [id: 0x7f27a80d, L:/127.0.0.1:59526 - R:localhost/127.0.0.1:57352]
13:19:34.271 [Forwarding setTimeout on session 146fcf84-1e7c-4759-877a-8c45f91d8d46 to remote] DEBUG o.a.netty.request.NettyRequestSender - Using pooled Channel '[id: 0x7f27a80d, L:/127.0.0.1:59526 - R:localhost/127.0.0.1:57352]' for 'POST' to 'http://localhost:57352/session/146fcf84-1e7c-4759-877a-8c45f91d8d46/timeouts'
13:19:34.271 [Forwarding setTimeout on session 146fcf84-1e7c-4759-877a-8c45f91d8d46 to remote] DEBUG o.a.netty.request.NettyRequestSender - Using open Channel [id: 0x7f27a80d, L:/127.0.0.1:59526 - R:localhost/127.0.0.1:57352] for POST '/session/146fcf84-1e7c-4759-877a-8c45f91d8d46/timeouts'
13:19:34.371 [AsyncHttpClient-1-2] DEBUG o.a.netty.handler.HttpHandler - 

Request DefaultHttpRequest(decodeResult: success, version: HTTP/1.1)
POST /session/146fcf84-1e7c-4759-877a-8c45f91d8d46/element/ab82cb41-7a41-4328-90da-1c55717f48e6/value HTTP/1.1
User-Agent: selenium/4.1.1 (java windows)
Content-Length: 95
Content-Type: application/json; charset=utf-8
host: localhost:57352
accept: */*

Response DefaultHttpResponse(decodeResult: success, version: HTTP/1.1)
HTTP/1.1 200 OK
content-type: application/json; charset=utf-8
cache-control: no-cache
date: Sat, 12 Mar 2022 06:19:34 GMT
content-length: 14

13:19:34.371 [AsyncHttpClient-1-2] DEBUG o.a.netty.channel.ChannelManager - Adding key: http://localhost:57352 for channel [id: 0x0c524cbf, L:/127.0.0.1:59314 - R:localhost/127.0.0.1:57352]
13:19:34.375 [AsyncHttpClient-1-7] DEBUG o.a.netty.handler.HttpHandler - 

Request DefaultHttpRequest(decodeResult: success, version: HTTP/1.1)
POST /session/146fcf84-1e7c-4759-877a-8c45f91d8d46/timeouts HTTP/1.1
User-Agent: selenium/4.1.1 (java windows)
Content-Length: 26
Content-Type: application/json; charset=utf-8
host: localhost:57352
accept: */*

Response DefaultHttpResponse(decodeResult: success, version: HTTP/1.1)
HTTP/1.1 200 OK
content-type: application/json; charset=utf-8
cache-control: no-cache
date: Sat, 12 Mar 2022 06:19:34 GMT
content-length: 14

13:19:34.375 [AsyncHttpClient-1-7] DEBUG o.a.netty.channel.ChannelManager - Adding key: http://localhost:57352 for channel [id: 0x7f27a80d, L:/127.0.0.1:59526 - R:localhost/127.0.0.1:57352]
13:19:34.375 [Forwarding findElement on session 146fcf84-1e7c-4759-877a-8c45f91d8d46 to remote] DEBUG o.a.netty.request.NettyRequestSender - Using pooled Channel '[id: 0x7f27a80d, L:/127.0.0.1:59526 - R:localhost/127.0.0.1:57352]' for 'POST' to 'http://localhost:57352/session/146fcf84-1e7c-4759-877a-8c45f91d8d46/element'
13:19:34.375 [Forwarding findElement on session 146fcf84-1e7c-4759-877a-8c45f91d8d46 to remote] DEBUG o.a.netty.request.NettyRequestSender - Using open Channel [id: 0x7f27a80d, L:/127.0.0.1:59526 - R:localhost/127.0.0.1:57352] for POST '/session/146fcf84-1e7c-4759-877a-8c45f91d8d46/element'
13:19:34.379 [Forwarding findElement on session 146fcf84-1e7c-4759-877a-8c45f91d8d46 to remote] DEBUG o.a.netty.request.NettyRequestSender - Using pooled Channel '[id: 0x0c524cbf, L:/127.0.0.1:59314 - R:localhost/127.0.0.1:57352]' for 'POST' to 'http://localhost:57352/session/146fcf84-1e7c-4759-877a-8c45f91d8d46/element'
13:19:34.383 [Forwarding findElement on session 146fcf84-1e7c-4759-877a-8c45f91d8d46 to remote] DEBUG o.a.netty.request.NettyRequestSender - Using open Channel [id: 0x0c524cbf, L:/127.0.0.1:59314 - R:localhost/127.0.0.1:57352] for POST '/session/146fcf84-1e7c-4759-877a-8c45f91d8d46/element'
13:19:34.391 [AsyncHttpClient-1-7] DEBUG o.a.netty.handler.HttpHandler - 

Request DefaultHttpRequest(decodeResult: success, version: HTTP/1.1)
POST /session/146fcf84-1e7c-4759-877a-8c45f91d8d46/element HTTP/1.1
User-Agent: selenium/4.1.1 (java windows)
Content-Length: 60
Content-Type: application/json; charset=utf-8
host: localhost:57352
accept: */*

Response DefaultHttpResponse(decodeResult: success, version: HTTP/1.1)
HTTP/1.1 200 OK
content-type: application/json; charset=utf-8
cache-control: no-cache
date: Sat, 12 Mar 2022 06:19:34 GMT
content-length: 88

13:19:34.391 [AsyncHttpClient-1-7] DEBUG o.a.netty.channel.ChannelManager - Adding key: http://localhost:57352 for channel [id: 0x7f27a80d, L:/127.0.0.1:59526 - R:localhost/127.0.0.1:57352]
13:19:34.403 [Forwarding isElementDisplayed on session 146fcf84-1e7c-4759-877a-8c45f91d8d46 to remote] DEBUG o.a.netty.request.NettyRequestSender - Using pooled Channel '[id: 0x7f27a80d, L:/127.0.0.1:59526 - R:localhost/127.0.0.1:57352]' for 'POST' to 'http://localhost:57352/session/146fcf84-1e7c-4759-877a-8c45f91d8d46/execute/sync'
13:19:34.403 [Forwarding isElementDisplayed on session 146fcf84-1e7c-4759-877a-8c45f91d8d46 to remote] DEBUG o.a.netty.request.NettyRequestSender - Using open Channel [id: 0x7f27a80d, L:/127.0.0.1:59526 - R:localhost/127.0.0.1:57352] for POST '/session/146fcf84-1e7c-4759-877a-8c45f91d8d46/execute/sync'
13:19:34.407 [AsyncHttpClient-1-2] DEBUG o.a.netty.handler.HttpHandler - 

Request DefaultHttpRequest(decodeResult: success, version: HTTP/1.1)
POST /session/146fcf84-1e7c-4759-877a-8c45f91d8d46/element HTTP/1.1
User-Agent: selenium/4.1.1 (java windows)
Content-Length: 71
Content-Type: application/json; charset=utf-8
host: localhost:57352
accept: */*

Response DefaultHttpResponse(decodeResult: success, version: HTTP/1.1)
HTTP/1.1 200 OK
content-type: application/json; charset=utf-8
cache-control: no-cache
date: Sat, 12 Mar 2022 06:19:34 GMT
content-length: 88

13:19:34.407 [AsyncHttpClient-1-2] DEBUG o.a.netty.channel.ChannelManager - Adding key: http://localhost:57352 for channel [id: 0x0c524cbf, L:/127.0.0.1:59314 - R:localhost/127.0.0.1:57352]
13:19:34.415 [Forwarding findChildElement on session 146fcf84-1e7c-4759-877a-8c45f91d8d46 to remote] DEBUG o.a.netty.request.NettyRequestSender - Using pooled Channel '[id: 0x0c524cbf, L:/127.0.0.1:59314 - R:localhost/127.0.0.1:57352]' for 'POST' to 'http://localhost:57352/session/146fcf84-1e7c-4759-877a-8c45f91d8d46/element/47418ce6-f927-422c-a2bd-eef43d0d811e/element'
13:19:34.415 [Forwarding findChildElement on session 146fcf84-1e7c-4759-877a-8c45f91d8d46 to remote] DEBUG o.a.netty.request.NettyRequestSender - Using open Channel [id: 0x0c524cbf, L:/127.0.0.1:59314 - R:localhost/127.0.0.1:57352] for POST '/session/146fcf84-1e7c-4759-877a-8c45f91d8d46/element/47418ce6-f927-422c-a2bd-eef43d0d811e/element'
13:19:34.439 [AsyncHttpClient-1-7] DEBUG o.a.netty.handler.HttpHandler - 

Request DefaultHttpRequest(decodeResult: success, version: HTTP/1.1)
POST /session/146fcf84-1e7c-4759-877a-8c45f91d8d46/execute/sync HTTP/1.1
User-Agent: selenium/4.1.1 (java windows)
Content-Length: 48780
Content-Type: application/json; charset=utf-8
host: localhost:57352
accept: */*

Response DefaultHttpResponse(decodeResult: success, version: HTTP/1.1)
HTTP/1.1 200 OK
content-type: application/json; charset=utf-8
cache-control: no-cache
date: Sat, 12 Mar 2022 06:19:34 GMT
content-length: 14

13:19:34.439 [AsyncHttpClient-1-7] DEBUG o.a.netty.channel.ChannelManager - Adding key: http://localhost:57352 for channel [id: 0x7f27a80d, L:/127.0.0.1:59526 - R:localhost/127.0.0.1:57352]
13:19:34.439 [Forwarding findChildElement on session 146fcf84-1e7c-4759-877a-8c45f91d8d46 to remote] DEBUG o.a.netty.request.NettyRequestSender - Using pooled Channel '[id: 0x7f27a80d, L:/127.0.0.1:59526 - R:localhost/127.0.0.1:57352]' for 'POST' to 'http://localhost:57352/session/146fcf84-1e7c-4759-877a-8c45f91d8d46/element/b74075ef-1742-4c7e-8a71-cb2ddd4d9f64/element'
13:19:34.439 [Forwarding findChildElement on session 146fcf84-1e7c-4759-877a-8c45f91d8d46 to remote] DEBUG o.a.netty.request.NettyRequestSender - Using open Channel [id: 0x7f27a80d, L:/127.0.0.1:59526 - R:localhost/127.0.0.1:57352] for POST '/session/146fcf84-1e7c-4759-877a-8c45f91d8d46/element/b74075ef-1742-4c7e-8a71-cb2ddd4d9f64/element'
13:19:34.455 [AsyncHttpClient-1-2] DEBUG o.a.netty.handler.HttpHandler - 

Request DefaultHttpRequest(decodeResult: success, version: HTTP/1.1)
POST /session/146fcf84-1e7c-4759-877a-8c45f91d8d46/element/47418ce6-f927-422c-a2bd-eef43d0d811e/element HTTP/1.1
User-Agent: selenium/4.1.1 (java windows)
Content-Length: 140
Content-Type: application/json; charset=utf-8
host: localhost:57352
accept: */*

Response DefaultHttpResponse(decodeResult: success, version: HTTP/1.1)
HTTP/1.1 200 OK
content-type: application/json; charset=utf-8
cache-control: no-cache
date: Sat, 12 Mar 2022 06:19:34 GMT
content-length: 88

13:19:34.455 [AsyncHttpClient-1-2] DEBUG o.a.netty.channel.ChannelManager - Adding key: http://localhost:57352 for channel [id: 0x0c524cbf, L:/127.0.0.1:59314 - R:localhost/127.0.0.1:57352]
13:19:34.459 [Forwarding sendKeysToElement on session 146fcf84-1e7c-4759-877a-8c45f91d8d46 to remote] DEBUG o.a.netty.request.NettyRequestSender - Using pooled Channel '[id: 0x0c524cbf, L:/127.0.0.1:59314 - R:localhost/127.0.0.1:57352]' for 'POST' to 'http://localhost:57352/session/146fcf84-1e7c-4759-877a-8c45f91d8d46/element/ab82cb41-7a41-4328-90da-1c55717f48e6/value'
13:19:34.459 [Forwarding sendKeysToElement on session 146fcf84-1e7c-4759-877a-8c45f91d8d46 to remote] DEBUG o.a.netty.request.NettyRequestSender - Using open Channel [id: 0x0c524cbf, L:/127.0.0.1:59314 - R:localhost/127.0.0.1:57352] for POST '/session/146fcf84-1e7c-4759-877a-8c45f91d8d46/element/ab82cb41-7a41-4328-90da-1c55717f48e6/value'
13:19:34.916 [AsyncHttpClient-1-1] DEBUG o.a.netty.channel.DefaultChannelPool - Entry count for : http://localhost:64665 : 1
13:19:35.375 [AsyncHttpClient-1-7] DEBUG o.a.netty.handler.HttpHandler - 

Request DefaultHttpRequest(decodeResult: success, version: HTTP/1.1)
POST /session/146fcf84-1e7c-4759-877a-8c45f91d8d46/element/b74075ef-1742-4c7e-8a71-cb2ddd4d9f64/element HTTP/1.1
User-Agent: selenium/4.1.1 (java windows)
Content-Length: 131
Content-Type: application/json; charset=utf-8
host: localhost:57352
accept: */*

Response DefaultHttpResponse(decodeResult: success, version: HTTP/1.1)
HTTP/1.1 404 Not Found
content-type: application/json; charset=utf-8
cache-control: no-cache
date: Sat, 12 Mar 2022 06:19:34 GMT
content-length: 837

13:19:35.375 [AsyncHttpClient-1-7] DEBUG o.a.netty.channel.ChannelManager - Adding key: http://localhost:57352 for channel [id: 0x7f27a80d, L:/127.0.0.1:59526 - R:localhost/127.0.0.1:57352]
]]></system-out>
    <system-err><![CDATA[console.warn: LoginRecipes: "getRecipes: falling back to a synchronous message for:" "https://openweathermap.org"
]]></system-err>
  </testcase>
  <testcase name="check_the_display_incase_there_is_no_result" classname="Test.SearchFunction" time="1.246">
    <failure message="The element reference of &lt;input name=&quot;q&quot; type=&quot;text&quot;&gt; is stale; either the element is no longer attached to the DOM, it is not in the current frame context, or the document has been refreshed&#10;For documentation on this error, please visit: https://selenium.dev/exceptions/#stale_element_reference&#10;Build info: version: &apos;4.1.1&apos;, revision: &apos;e8fcc2cecf&apos;&#10;System info: host: &apos;ADMIN&apos;, ip: &apos;192.168.183.161&apos;, os.name: &apos;Windows 10&apos;, os.arch: &apos;amd64&apos;, os.version: &apos;10.0&apos;, java.version: &apos;1.8.0_202&apos;&#10;Driver info: org.openqa.selenium.firefox.FirefoxDriver&#10;Command: [146fcf84-1e7c-4759-877a-8c45f91d8d46, sendKeysToElement {id=ab82cb41-7a41-4328-90da-1c55717f48e6, value=[Ljava.lang.CharSequence;@4f69188b}]&#10;Capabilities {acceptInsecureCerts: true, browserName: firefox, browserVersion: 98.0, javascriptEnabled: true, moz:accessibilityChecks: false, moz:buildID: 20220304153049, moz:debuggerAddress: localhost:58852, moz:geckodriverVersion: 0.30.0, moz:headless: false, moz:processID: 12968, moz:profile: C:\Users\Admin\AppData\Loca..., moz:shutdownTimeout: 60000, moz:useNonSpecCompliantPointerOrigin: false, moz:webdriverClick: true, pageLoadStrategy: normal, platform: WINDOWS, platformName: WINDOWS, platformVersion: 10.0, proxy: Proxy(), se:cdp: ws://localhost:58852/devtoo..., se:cdpVersion: 85, setWindowRect: true, strictFileInteractability: false, timeouts: {implicit: 0, pageLoad: 300000, script: 30000}, unhandledPromptBehavior: dismiss and notify}&#10;Element: [[[[FirefoxDriver: firefox on WINDOWS (146fcf84-1e7c-4759-877a-8c45f91d8d46)] -&gt; xpath: //nav[@id=&apos;nav-website&apos;]]] -&gt; xpath: .//input[@placeholder=&apos;Weather in your city&apos;]]&#10;Session ID: 146fcf84-1e7c-4759-877a-8c45f91d8d46" type="org.openqa.selenium.StaleElementReferenceException"><![CDATA[org.openqa.selenium.StaleElementReferenceException: 
The element reference of <input name="q" type="text"> is stale; either the element is no longer attached to the DOM, it is not in the current frame context, or the document has been refreshed
For documentation on this error, please visit: https://selenium.dev/exceptions/#stale_element_reference
Build info: version: '4.1.1', revision: 'e8fcc2cecf'
System info: host: 'ADMIN', ip: '192.168.183.161', os.name: 'Windows 10', os.arch: 'amd64', os.version: '10.0', java.version: '1.8.0_202'
Driver info: org.openqa.selenium.firefox.FirefoxDriver
Command: [146fcf84-1e7c-4759-877a-8c45f91d8d46, sendKeysToElement {id=ab82cb41-7a41-4328-90da-1c55717f48e6, value=[Ljava.lang.CharSequence;@4f69188b}]
Capabilities {acceptInsecureCerts: true, browserName: firefox, browserVersion: 98.0, javascriptEnabled: true, moz:accessibilityChecks: false, moz:buildID: 20220304153049, moz:debuggerAddress: localhost:58852, moz:geckodriverVersion: 0.30.0, moz:headless: false, moz:processID: 12968, moz:profile: C:\Users\Admin\AppData\Loca..., moz:shutdownTimeout: 60000, moz:useNonSpecCompliantPointerOrigin: false, moz:webdriverClick: true, pageLoadStrategy: normal, platform: WINDOWS, platformName: WINDOWS, platformVersion: 10.0, proxy: Proxy(), se:cdp: ws://localhost:58852/devtoo..., se:cdpVersion: 85, setWindowRect: true, strictFileInteractability: false, timeouts: {implicit: 0, pageLoad: 300000, script: 30000}, unhandledPromptBehavior: dismiss and notify}
Element: [[[[FirefoxDriver: firefox on WINDOWS (146fcf84-1e7c-4759-877a-8c45f91d8d46)] -> xpath: //nav[@id='nav-website']]] -> xpath: .//input[@placeholder='Weather in your city']]
Session ID: 146fcf84-1e7c-4759-877a-8c45f91d8d46
	at Test.SearchFunction.check_the_display_incase_there_is_no_result(SearchFunction.java:78)
]]></failure>
    <system-out><![CDATA[13:19:35.379 [Forwarding screenshot on session 146fcf84-1e7c-4759-877a-8c45f91d8d46 to remote] DEBUG o.a.netty.request.NettyRequestSender - Using pooled Channel '[id: 0x7f27a80d, L:/127.0.0.1:59526 - R:localhost/127.0.0.1:57352]' for 'GET' to 'http://localhost:57352/session/146fcf84-1e7c-4759-877a-8c45f91d8d46/screenshot'
13:19:35.379 [Forwarding screenshot on session 146fcf84-1e7c-4759-877a-8c45f91d8d46 to remote] DEBUG o.a.netty.request.NettyRequestSender - Using open Channel [id: 0x7f27a80d, L:/127.0.0.1:59526 - R:localhost/127.0.0.1:57352] for GET '/session/146fcf84-1e7c-4759-877a-8c45f91d8d46/screenshot'
13:19:35.467 [AsyncHttpClient-1-2] DEBUG o.a.netty.handler.HttpHandler - 

Request DefaultHttpRequest(decodeResult: success, version: HTTP/1.1)
POST /session/146fcf84-1e7c-4759-877a-8c45f91d8d46/element/ab82cb41-7a41-4328-90da-1c55717f48e6/value HTTP/1.1
User-Agent: selenium/4.1.1 (java windows)
Content-Length: 95
Content-Type: application/json; charset=utf-8
host: localhost:57352
accept: */*

Response DefaultHttpResponse(decodeResult: success, version: HTTP/1.1)
HTTP/1.1 404 Not Found
content-type: application/json; charset=utf-8
cache-control: no-cache
date: Sat, 12 Mar 2022 06:19:35 GMT
content-length: 744

13:19:35.467 [AsyncHttpClient-1-2] DEBUG o.a.netty.channel.ChannelManager - Adding key: http://localhost:57352 for channel [id: 0x0c524cbf, L:/127.0.0.1:59314 - R:localhost/127.0.0.1:57352]
]]></system-out>
    <system-err><![CDATA[JavaScript warning: https://pagead2.googlesyndication.com/bg/xt8fZ__SaXi8rLOjRFpxOtLjv0mS66MIGtFrZKZOLkM.js line 1 > eval line 1478 > eval line 1 > eval line 1 > eval, line 1: WEBGL_debug_renderer_info is deprecated in Firefox and will be removed. Please use RENDERER.
]]></system-err>
  </testcase>
</testsuite>