<?xml version="1.0" encoding="UTF-8"?>
<!-- Generated by org.testng.reporters.JUnitXMLReporter -->
<testsuite hostname="Admin" ignored="0" name="ChromeTest" tests="4" failures="0" timestamp="2022-03-12T12:36:12 ICT" time="61.716" errors="0">
  <testcase name="check_the_display_incase_result_is_not_empty" time="24.851" classname="Test.SearchFunction"/>
  <testcase name="check_the_display_incase_there_is_no_result" time="4.412" classname="Test.SearchFunction"/>
  <testcase name="check_the_display_incase_there_is_no_result" time="3.036" classname="Test.SearchFunction"/>
  <testcase name="check_the_display_incase_there_is_no_result" time="3.097" classname="Test.SearchFunction"/>
</testsuite> <!-- ChromeTest -->
